2017-08-13 19:43:00.908+0000 WARN [o.n.i.p.PageCache] The dbms.memory.pagecache.size setting has not been configured. It is recommended that this setting is always explicitly configured, to ensure the system has a balanced configuration. Until then, a computed heuristic value of 4685920256 bytes will be used instead. 
2017-08-13 19:43:01.408+0000 INFO [o.n.k.i.f.CommunityEditionModule] No locking implementation specified, defaulting to 'community'
2017-08-13 19:43:01.541+0000 INFO [o.n.k.AvailabilityGuard] Requirement makes database unavailable: Database available
2017-08-13 19:43:01.558+0000 INFO [o.n.k.i.DiagnosticsManager] --- INITIALIZED diagnostics START ---
2017-08-13 19:43:01.559+0000 INFO [o.n.k.i.DiagnosticsManager] Neo4j Kernel properties:
2017-08-13 19:43:01.559+0000 INFO [o.n.k.i.DiagnosticsManager] dbms.connector.http.enabled=true
2017-08-13 19:43:01.559+0000 INFO [o.n.k.i.DiagnosticsManager] dbms.security.auth_enabled=true
2017-08-13 19:43:01.559+0000 INFO [o.n.k.i.DiagnosticsManager] dbms.connector.bolt.type=BOLT
2017-08-13 19:43:01.559+0000 INFO [o.n.k.i.DiagnosticsManager] unsupported.dbms.directories.neo4j_home=/home/invisible/Desktop/neo4j-graph-db/neo4j-community-3.2.3
2017-08-13 19:43:01.560+0000 INFO [o.n.k.i.DiagnosticsManager] dbms.directories.import=import
2017-08-13 19:43:01.560+0000 INFO [o.n.k.i.DiagnosticsManager] dbms.connector.https.enabled=true
2017-08-13 19:43:01.560+0000 INFO [o.n.k.i.DiagnosticsManager] dbms.connector.http.type=HTTP
2017-08-13 19:43:01.560+0000 INFO [o.n.k.i.DiagnosticsManager] dbms.jvm.additional=-Dunsupported.dbms.udc.source=tarball
2017-08-13 19:43:01.560+0000 INFO [o.n.k.i.DiagnosticsManager] dbms.tx_log.rotation.retention_policy=1 days
2017-08-13 19:43:01.560+0000 INFO [o.n.k.i.DiagnosticsManager] dbms.windows_service_name=neo4j
2017-08-13 19:43:01.560+0000 INFO [o.n.k.i.DiagnosticsManager] dbms.connector.https.type=HTTP
2017-08-13 19:43:01.561+0000 INFO [o.n.k.i.DiagnosticsManager] unsupported.dbms.edition=community
2017-08-13 19:43:01.561+0000 INFO [o.n.k.i.DiagnosticsManager] dbms.connector.bolt.enabled=true
2017-08-13 19:43:01.561+0000 INFO [o.n.k.i.DiagnosticsManager] Diagnostics providers:
2017-08-13 19:43:01.561+0000 INFO [o.n.k.i.DiagnosticsManager] org.neo4j.kernel.configuration.Config
2017-08-13 19:43:01.561+0000 INFO [o.n.k.i.DiagnosticsManager] org.neo4j.kernel.info.DiagnosticsManager
2017-08-13 19:43:01.561+0000 INFO [o.n.k.i.DiagnosticsManager] SYSTEM_MEMORY
2017-08-13 19:43:01.561+0000 INFO [o.n.k.i.DiagnosticsManager] JAVA_MEMORY
2017-08-13 19:43:01.561+0000 INFO [o.n.k.i.DiagnosticsManager] OPERATING_SYSTEM
2017-08-13 19:43:01.562+0000 INFO [o.n.k.i.DiagnosticsManager] JAVA_VIRTUAL_MACHINE
2017-08-13 19:43:01.562+0000 INFO [o.n.k.i.DiagnosticsManager] CLASSPATH
2017-08-13 19:43:01.562+0000 INFO [o.n.k.i.DiagnosticsManager] LIBRARY_PATH
2017-08-13 19:43:01.562+0000 INFO [o.n.k.i.DiagnosticsManager] SYSTEM_PROPERTIES
2017-08-13 19:43:01.562+0000 INFO [o.n.k.i.DiagnosticsManager] LINUX_SCHEDULERS
2017-08-13 19:43:01.562+0000 INFO [o.n.k.i.DiagnosticsManager] NETWORK
2017-08-13 19:43:01.562+0000 INFO [o.n.k.i.DiagnosticsManager] System memory information:
2017-08-13 19:43:01.564+0000 INFO [o.n.k.i.DiagnosticsManager] Total Physical memory: 11.64 GB
2017-08-13 19:43:01.564+0000 INFO [o.n.k.i.DiagnosticsManager] Free Physical memory: 1.18 GB
2017-08-13 19:43:01.564+0000 INFO [o.n.k.i.DiagnosticsManager] Committed virtual memory: 6.21 GB
2017-08-13 19:43:01.565+0000 INFO [o.n.k.i.DiagnosticsManager] Total swap space: 11.90 GB
2017-08-13 19:43:01.565+0000 INFO [o.n.k.i.DiagnosticsManager] Free swap space: 11.79 GB
2017-08-13 19:43:01.565+0000 INFO [o.n.k.i.DiagnosticsManager] JVM memory information:
2017-08-13 19:43:01.565+0000 INFO [o.n.k.i.DiagnosticsManager] Free  memory: 115.32 MB
2017-08-13 19:43:01.565+0000 INFO [o.n.k.i.DiagnosticsManager] Total memory: 188.00 MB
2017-08-13 19:43:01.565+0000 INFO [o.n.k.i.DiagnosticsManager] Max   memory: 2.91 GB
2017-08-13 19:43:01.569+0000 INFO [o.n.k.i.DiagnosticsManager] Garbage Collector: G1 Young Generation: [G1 Eden Space, G1 Survivor Space]
2017-08-13 19:43:01.569+0000 INFO [o.n.k.i.DiagnosticsManager] Garbage Collector: G1 Old Generation: [G1 Eden Space, G1 Survivor Space, G1 Old Gen]
2017-08-13 19:43:01.570+0000 INFO [o.n.k.i.DiagnosticsManager] Memory Pool: Code Cache (Non-heap memory): committed=5.13 MB, used=5.05 MB, max=240.00 MB, threshold=0.00 B
2017-08-13 19:43:01.570+0000 INFO [o.n.k.i.DiagnosticsManager] Memory Pool: Metaspace (Non-heap memory): committed=13.50 MB, used=12.58 MB, max=-1.00 B, threshold=0.00 B
2017-08-13 19:43:01.570+0000 INFO [o.n.k.i.DiagnosticsManager] Memory Pool: Compressed Class Space (Non-heap memory): committed=2.00 MB, used=1.70 MB, max=1.00 GB, threshold=0.00 B
2017-08-13 19:43:01.570+0000 INFO [o.n.k.i.DiagnosticsManager] Memory Pool: G1 Eden Space (Heap memory): committed=34.00 MB, used=28.00 MB, max=-1.00 B, threshold=?
2017-08-13 19:43:01.571+0000 INFO [o.n.k.i.DiagnosticsManager] Memory Pool: G1 Survivor Space (Heap memory): committed=2.00 MB, used=2.00 MB, max=-1.00 B, threshold=?
2017-08-13 19:43:01.571+0000 INFO [o.n.k.i.DiagnosticsManager] Memory Pool: G1 Old Gen (Heap memory): committed=152.00 MB, used=42.18 MB, max=2.91 GB, threshold=0.00 B
2017-08-13 19:43:01.571+0000 INFO [o.n.k.i.DiagnosticsManager] Operating system information:
2017-08-13 19:43:01.571+0000 INFO [o.n.k.i.DiagnosticsManager] Operating System: Linux; version: 4.4.0-89-generic; arch: amd64; cpus: 6
2017-08-13 19:43:01.572+0000 INFO [o.n.k.i.DiagnosticsManager] Max number of file descriptors: 1048576
2017-08-13 19:43:01.572+0000 INFO [o.n.k.i.DiagnosticsManager] Number of open file descriptors: 99
2017-08-13 19:43:01.574+0000 INFO [o.n.k.i.DiagnosticsManager] Process id: 8503@no-name
2017-08-13 19:43:01.574+0000 INFO [o.n.k.i.DiagnosticsManager] Byte order: LITTLE_ENDIAN
2017-08-13 19:43:01.574+0000 INFO [o.n.k.i.DiagnosticsManager] Local timezone: America/Chicago
2017-08-13 19:43:01.574+0000 INFO [o.n.k.i.DiagnosticsManager] JVM information:
2017-08-13 19:43:01.574+0000 INFO [o.n.k.i.DiagnosticsManager] VM Name: Java HotSpot(TM) 64-Bit Server VM
2017-08-13 19:43:01.574+0000 INFO [o.n.k.i.DiagnosticsManager] VM Vendor: Oracle Corporation
2017-08-13 19:43:01.574+0000 INFO [o.n.k.i.DiagnosticsManager] VM Version: 25.121-b13
2017-08-13 19:43:01.574+0000 INFO [o.n.k.i.DiagnosticsManager] JIT compiler: HotSpot 64-Bit Tiered Compilers
2017-08-13 19:43:01.575+0000 INFO [o.n.k.i.DiagnosticsManager] VM Arguments: [-XX:+UseG1GC, -XX:-OmitStackTraceInFastThrow, -XX:+AlwaysPreTouch, -XX:+UnlockExperimentalVMOptions, -XX:+TrustFinalNonStaticFields, -XX:+DisableExplicitGC, -Djdk.tls.ephemeralDHKeySize=2048, -Dunsupported.dbms.udc.source=tarball, -Dfile.encoding=UTF-8]
2017-08-13 19:43:01.575+0000 INFO [o.n.k.i.DiagnosticsManager] Java classpath:
2017-08-13 19:43:01.578+0000 INFO [o.n.k.i.DiagnosticsManager]  [classpath + loader.0] file:/home/invisible/Desktop/neo4j-graph-db/neo4j-community-3.2.3/lib/neo4j-bolt-3.2.3.jar
2017-08-13 19:43:01.578+0000 INFO [o.n.k.i.DiagnosticsManager]  [classpath + loader.0] file:/home/invisible/Desktop/neo4j-graph-db/neo4j-community-3.2.3/lib/opencsv-2.3.jar
2017-08-13 19:43:01.578+0000 INFO [o.n.k.i.DiagnosticsManager]  [loader.1] file:/usr/lib/jvm/java-8-oracle/jre/lib/ext/zipfs.jar
2017-08-13 19:43:01.579+0000 INFO [o.n.k.i.DiagnosticsManager]  [classpath + loader.0] file:/home/invisible/Desktop/neo4j-graph-db/neo4j-community-3.2.3/lib/jsr311-api-1.1.2.r612.jar
2017-08-13 19:43:01.579+0000 INFO [o.n.k.i.DiagnosticsManager]  [classpath + loader.0] file:/home/invisible/Desktop/neo4j-graph-db/neo4j-community-3.2.3/lib/jetty-servlet-9.2.9.v20150224.jar
2017-08-13 19:43:01.579+0000 INFO [o.n.k.i.DiagnosticsManager]  [classpath + loader.0] file:/home/invisible/Desktop/neo4j-graph-db/neo4j-community-3.2.3/lib/neo4j-graph-matching-3.1.3.jar
2017-08-13 19:43:01.579+0000 INFO [o.n.k.i.DiagnosticsManager]  [bootstrap] /usr/lib/jvm/java-8-oracle/jre/lib/jfr.jar
2017-08-13 19:43:01.579+0000 INFO [o.n.k.i.DiagnosticsManager]  [classpath + loader.0] file:/home/invisible/Desktop/neo4j-graph-db/neo4j-community-3.2.3/lib/neo4j-collections-3.2.3.jar
2017-08-13 19:43:01.579+0000 INFO [o.n.k.i.DiagnosticsManager]  [classpath + loader.0] file:/home/invisible/Desktop/neo4j-graph-db/neo4j-community-3.2.3/lib/lucene-queryparser-5.5.0.jar
2017-08-13 19:43:01.579+0000 INFO [o.n.k.i.DiagnosticsManager]  [classpath + loader.0] file:/home/invisible/Desktop/neo4j-graph-db/neo4j-community-3.2.3/lib/jetty-util-9.2.9.v20150224.jar
2017-08-13 19:43:01.579+0000 INFO [o.n.k.i.DiagnosticsManager]  [classpath + loader.0] file:/home/invisible/Desktop/neo4j-graph-db/neo4j-community-3.2.3/lib/neo4j-kernel-3.2.3.jar
2017-08-13 19:43:01.579+0000 INFO [o.n.k.i.DiagnosticsManager]  [classpath + loader.0] file:/home/invisible/Desktop/neo4j-graph-db/neo4j-community-3.2.3/lib/neo4j-cypher-frontend-3.2-3.2.3.jar
2017-08-13 19:43:01.579+0000 INFO [o.n.k.i.DiagnosticsManager]  [classpath + loader.0] file:/home/invisible/Desktop/neo4j-graph-db/neo4j-community-3.2.3/lib/neo4j-jmx-3.2.3.jar
2017-08-13 19:43:01.580+0000 INFO [o.n.k.i.DiagnosticsManager]  [classpath + loader.0] file:/home/invisible/Desktop/neo4j-graph-db/neo4j-community-3.2.3/lib/neo4j-graphdb-api-3.2.3.jar
2017-08-13 19:43:01.580+0000 INFO [o.n.k.i.DiagnosticsManager]  [classpath + loader.0] file:/home/invisible/Desktop/neo4j-graph-db/neo4j-community-3.2.3/lib/jersey-servlet-1.19.jar
2017-08-13 19:43:01.580+0000 INFO [o.n.k.i.DiagnosticsManager]  [classpath + loader.0] file:/home/invisible/Desktop/neo4j-graph-db/neo4j-community-3.2.3/lib/neo4j-io-3.2.3.jar
2017-08-13 19:43:01.580+0000 INFO [o.n.k.i.DiagnosticsManager]  [classpath + loader.0] file:/home/invisible/Desktop/neo4j-graph-db/neo4j-community-3.2.3/lib/neo4j-security-3.2.3.jar
2017-08-13 19:43:01.580+0000 INFO [o.n.k.i.DiagnosticsManager]  [classpath + loader.0] file:/home/invisible/Desktop/neo4j-graph-db/neo4j-community-3.2.3/lib/commons-configuration-1.10.jar
2017-08-13 19:43:01.580+0000 INFO [o.n.k.i.DiagnosticsManager]  [bootstrap] /usr/lib/jvm/java-8-oracle/jre/lib/jsse.jar
2017-08-13 19:43:01.580+0000 INFO [o.n.k.i.DiagnosticsManager]  [classpath + loader.0] file:/home/invisible/Desktop/neo4j-graph-db/neo4j-community-3.2.3/lib/caffeine-2.3.3.jar
2017-08-13 19:43:01.580+0000 INFO [o.n.k.i.DiagnosticsManager]  [classpath + loader.0] file:/home/invisible/Desktop/neo4j-graph-db/neo4j-community-3.2.3/lib/server-api-3.2.3.jar
2017-08-13 19:43:01.580+0000 INFO [o.n.k.i.DiagnosticsManager]  [loader.1] file:/usr/lib/jvm/java-8-oracle/jre/lib/ext/cldrdata.jar
2017-08-13 19:43:01.580+0000 INFO [o.n.k.i.DiagnosticsManager]  [classpath + loader.0] file:/home/invisible/Desktop/neo4j-graph-db/neo4j-community-3.2.3/lib/jersey-multipart-1.19.jar
2017-08-13 19:43:01.580+0000 INFO [o.n.k.i.DiagnosticsManager]  [loader.1] file:/usr/lib/jvm/java-8-oracle/jre/lib/ext/sunec.jar
2017-08-13 19:43:01.581+0000 INFO [o.n.k.i.DiagnosticsManager]  [classpath + loader.0] file:/home/invisible/Desktop/neo4j-graph-db/neo4j-community-3.2.3/lib/lucene-analyzers-common-5.5.0.jar
2017-08-13 19:43:01.581+0000 INFO [o.n.k.i.DiagnosticsManager]  [classpath + loader.0] file:/home/invisible/Desktop/neo4j-graph-db/neo4j-community-3.2.3/lib/asm-5.2.jar
2017-08-13 19:43:01.581+0000 INFO [o.n.k.i.DiagnosticsManager]  [classpath + loader.0] file:/home/invisible/Desktop/neo4j-graph-db/neo4j-community-3.2.3/lib/jline-2.12.jar
2017-08-13 19:43:01.581+0000 INFO [o.n.k.i.DiagnosticsManager]  [loader.1] file:/usr/lib/jvm/java-8-oracle/jre/lib/ext/sunjce_provider.jar
2017-08-13 19:43:01.581+0000 INFO [o.n.k.i.DiagnosticsManager]  [classpath + loader.0] file:/home/invisible/Desktop/neo4j-graph-db/neo4j-community-3.2.3/lib/neo4j-unsafe-3.2.3.jar
2017-08-13 19:43:01.581+0000 INFO [o.n.k.i.DiagnosticsManager]  [classpath + loader.0] file:/home/invisible/Desktop/neo4j-graph-db/neo4j-community-3.2.3/lib/lucene-core-5.5.0.jar
2017-08-13 19:43:01.581+0000 INFO [o.n.k.i.DiagnosticsManager]  [classpath + loader.0] file:/home/invisible/Desktop/neo4j-graph-db/neo4j-community-3.2.3/lib/neo4j-import-tool-3.2.3.jar
2017-08-13 19:43:01.581+0000 INFO [o.n.k.i.DiagnosticsManager]  [classpath + loader.0] file:/home/invisible/Desktop/neo4j-graph-db/neo4j-community-3.2.3/lib/neo4j-cypher-ir-3.2-3.2.3.jar
2017-08-13 19:43:01.582+0000 INFO [o.n.k.i.DiagnosticsManager]  [classpath + loader.0] file:/home/invisible/Desktop/neo4j-graph-db/neo4j-community-3.2.3/lib/commons-beanutils-1.8.3.jar
2017-08-13 19:43:01.582+0000 INFO [o.n.k.i.DiagnosticsManager]  [loader.1] file:/usr/lib/jvm/java-8-oracle/jre/lib/ext/dnsns.jar
2017-08-13 19:43:01.582+0000 INFO [o.n.k.i.DiagnosticsManager]  [classpath + loader.0] file:/home/invisible/Desktop/neo4j-graph-db/neo4j-community-3.2.3/lib/commons-digester-2.1.jar
2017-08-13 19:43:01.582+0000 INFO [o.n.k.i.DiagnosticsManager]  [classpath + loader.0] file:/home/invisible/Desktop/neo4j-graph-db/neo4j-community-3.2.3/lib/neo4j-common-3.2.3.jar
2017-08-13 19:43:01.582+0000 INFO [o.n.k.i.DiagnosticsManager]  [classpath + loader.0] file:/home/invisible/Desktop/neo4j-graph-db/neo4j-community-3.2.3/lib/jetty-security-9.2.9.v20150224.jar
2017-08-13 19:43:01.582+0000 INFO [o.n.k.i.DiagnosticsManager]  [classpath + loader.0] file:/home/invisible/Desktop/neo4j-graph-db/neo4j-community-3.2.3/lib/neo4j-shell-3.2.3.jar
2017-08-13 19:43:01.582+0000 INFO [o.n.k.i.DiagnosticsManager]  [classpath + loader.0] file:/home/invisible/Desktop/neo4j-graph-db/neo4j-community-3.2.3/lib/neo4j-primitive-collections-3.2.3.jar
2017-08-13 19:43:01.582+0000 INFO [o.n.k.i.DiagnosticsManager]  [classpath + loader.0] file:/home/invisible/Desktop/neo4j-graph-db/neo4j-community-3.2.3/lib/neo4j-configuration-3.2.3.jar
2017-08-13 19:43:01.582+0000 INFO [o.n.k.i.DiagnosticsManager]  [classpath + loader.0] file:/home/invisible/Desktop/neo4j-graph-db/neo4j-community-3.2.3/lib/scala-reflect-2.11.8.jar
2017-08-13 19:43:01.582+0000 INFO [o.n.k.i.DiagnosticsManager]  [classpath + loader.0] file:/home/invisible/Desktop/neo4j-graph-db/neo4j-community-3.2.3/lib/neo4j-cypher-frontend-3.1-3.1.5.jar
2017-08-13 19:43:01.582+0000 INFO [o.n.k.i.DiagnosticsManager]  [classpath + loader.0] file:/home/invisible/Desktop/neo4j-graph-db/neo4j-community-3.2.3/lib/commons-lang3-3.3.2.jar
2017-08-13 19:43:01.583+0000 INFO [o.n.k.i.DiagnosticsManager]  [classpath + loader.0] file:/home/invisible/Desktop/neo4j-graph-db/neo4j-community-3.2.3/lib/neo4j-lucene-index-3.2.3.jar
2017-08-13 19:43:01.583+0000 INFO [o.n.k.i.DiagnosticsManager]  [classpath + loader.0] file:/home/invisible/Desktop/neo4j-graph-db/neo4j-community-3.2.3/lib/jersey-server-1.19.jar
2017-08-13 19:43:01.583+0000 INFO [o.n.k.i.DiagnosticsManager]  [classpath + loader.0] file:/home/invisible/Desktop/neo4j-graph-db/neo4j-community-3.2.3/lib/jetty-server-9.2.9.v20150224.jar
2017-08-13 19:43:01.583+0000 INFO [o.n.k.i.DiagnosticsManager]  [classpath + loader.0] file:/home/invisible/Desktop/neo4j-graph-db/neo4j-community-3.2.3/lib/jersey-core-1.19.jar
2017-08-13 19:43:01.583+0000 INFO [o.n.k.i.DiagnosticsManager]  [loader.1] file:/usr/lib/jvm/java-8-oracle/jre/lib/ext/jfxrt.jar
2017-08-13 19:43:01.583+0000 INFO [o.n.k.i.DiagnosticsManager]  [bootstrap] /usr/lib/jvm/java-8-oracle/jre/lib/jce.jar
2017-08-13 19:43:01.583+0000 INFO [o.n.k.i.DiagnosticsManager]  [classpath + loader.0] file:/home/invisible/Desktop/neo4j-graph-db/neo4j-community-3.2.3/lib/scala-library-2.11.8.jar
2017-08-13 19:43:01.583+0000 INFO [o.n.k.i.DiagnosticsManager]  [classpath + loader.0] file:/home/invisible/Desktop/neo4j-graph-db/neo4j-community-3.2.3/lib/neo4j-resource-3.2.3.jar
2017-08-13 19:43:01.583+0000 INFO [o.n.k.i.DiagnosticsManager]  [classpath + loader.0] file:/home/invisible/Desktop/neo4j-graph-db/neo4j-community-3.2.3/lib/neo4j-index-3.2.3.jar
2017-08-13 19:43:01.583+0000 INFO [o.n.k.i.DiagnosticsManager]  [classpath + loader.0] file:/home/invisible/Desktop/neo4j-graph-db/neo4j-community-3.2.3/lib/neo4j-server-3.2.3.jar
2017-08-13 19:43:01.583+0000 INFO [o.n.k.i.DiagnosticsManager]  [loader.1] file:/usr/lib/jvm/java-8-oracle/jre/lib/ext/jaccess.jar
2017-08-13 19:43:01.583+0000 INFO [o.n.k.i.DiagnosticsManager]  [classpath + loader.0] file:/home/invisible/Desktop/neo4j-graph-db/neo4j-community-3.2.3/lib/parboiled-core-1.1.7.jar
2017-08-13 19:43:01.584+0000 INFO [o.n.k.i.DiagnosticsManager]  [classpath + loader.0] file:/home/invisible/Desktop/neo4j-graph-db/neo4j-community-3.2.3/lib/commons-io-2.4.jar
2017-08-13 19:43:01.584+0000 INFO [o.n.k.i.DiagnosticsManager]  [classpath + loader.0] file:/home/invisible/Desktop/neo4j-graph-db/neo4j-community-3.2.3/lib/jetty-xml-9.2.9.v20150224.jar
2017-08-13 19:43:01.584+0000 INFO [o.n.k.i.DiagnosticsManager]  [classpath + loader.0] file:/home/invisible/Desktop/neo4j-graph-db/neo4j-community-3.2.3/lib/lucene-codecs-5.5.0.jar
2017-08-13 19:43:01.584+0000 INFO [o.n.k.i.DiagnosticsManager]  [loader.1] file:/usr/lib/jvm/java-8-oracle/jre/lib/ext/sunpkcs11.jar
2017-08-13 19:43:01.584+0000 INFO [o.n.k.i.DiagnosticsManager]  [classpath + loader.0] file:/home/invisible/Desktop/neo4j-graph-db/neo4j-community-3.2.3/lib/rhino-1.7R4.jar
2017-08-13 19:43:01.584+0000 INFO [o.n.k.i.DiagnosticsManager]  [classpath + loader.0] file:/home/invisible/Desktop/neo4j-graph-db/neo4j-community-3.2.3/lib/neo4j-udc-3.2.3.jar
2017-08-13 19:43:01.584+0000 INFO [o.n.k.i.DiagnosticsManager]  [classpath + loader.0] file:/home/invisible/Desktop/neo4j-graph-db/neo4j-community-3.2.3/lib/jackson-mapper-asl-1.9.13.jar
2017-08-13 19:43:01.584+0000 INFO [o.n.k.i.DiagnosticsManager]  [classpath + loader.0] file:/home/invisible/Desktop/neo4j-graph-db/neo4j-community-3.2.3/lib/jetty-webapp-9.2.9.v20150224.jar
2017-08-13 19:43:01.584+0000 INFO [o.n.k.i.DiagnosticsManager]  [classpath + loader.0] file:/home/invisible/Desktop/neo4j-graph-db/neo4j-community-3.2.3/lib/neo4j-consistency-check-3.2.3.jar
2017-08-13 19:43:01.584+0000 INFO [o.n.k.i.DiagnosticsManager]  [classpath + loader.0] file:/home/invisible/Desktop/neo4j-graph-db/neo4j-community-3.2.3/lib/neo4j-cypher-compiler-3.1-3.1.5.jar
2017-08-13 19:43:01.584+0000 INFO [o.n.k.i.DiagnosticsManager]  [bootstrap] /usr/lib/jvm/java-8-oracle/jre/lib/rt.jar
2017-08-13 19:43:01.585+0000 INFO [o.n.k.i.DiagnosticsManager]  [classpath + loader.0] file:/home/invisible/Desktop/neo4j-graph-db/neo4j-community-3.2.3/lib/neo4j-lucene-upgrade-3.2.3.jar
2017-08-13 19:43:01.585+0000 INFO [o.n.k.i.DiagnosticsManager]  [classpath + loader.0] file:/home/invisible/Desktop/neo4j-graph-db/neo4j-community-3.2.3/lib/neo4j-graph-algo-3.2.3.jar
2017-08-13 19:43:01.585+0000 INFO [o.n.k.i.DiagnosticsManager]  [classpath + loader.0] file:/home/invisible/Desktop/neo4j-graph-db/neo4j-community-3.2.3/lib/neo4j-dbms-3.2.3.jar
2017-08-13 19:43:01.585+0000 INFO [o.n.k.i.DiagnosticsManager]  [classpath + loader.0] file:/home/invisible/Desktop/neo4j-graph-db/neo4j-community-3.2.3/lib/parboiled-scala_2.11-1.1.7.jar
2017-08-13 19:43:01.585+0000 INFO [o.n.k.i.DiagnosticsManager]  [classpath + loader.0] file:/home/invisible/Desktop/neo4j-graph-db/neo4j-community-3.2.3/lib/bcprov-jdk15on-1.53.jar
2017-08-13 19:43:01.585+0000 INFO [o.n.k.i.DiagnosticsManager]  [classpath + loader.0] file:/home/invisible/Desktop/neo4j-graph-db/neo4j-community-3.2.3/lib/neo4j-logging-3.2.3.jar
2017-08-13 19:43:01.585+0000 INFO [o.n.k.i.DiagnosticsManager]  [classpath + loader.0] file:/home/invisible/Desktop/neo4j-graph-db/neo4j-community-3.2.3/lib/neo4j-csv-3.2.3.jar
2017-08-13 19:43:01.585+0000 INFO [o.n.k.i.DiagnosticsManager]  [classpath + loader.0] file:/home/invisible/Desktop/neo4j-graph-db/neo4j-community-3.2.3/lib/commons-compress-1.12.jar
2017-08-13 19:43:01.585+0000 INFO [o.n.k.i.DiagnosticsManager]  [classpath + loader.0] file:/home/invisible/Desktop/neo4j-graph-db/neo4j-community-3.2.3/lib/neo4j-cypher-compiler-2.3-2.3.11.jar
2017-08-13 19:43:01.585+0000 INFO [o.n.k.i.DiagnosticsManager]  [classpath + loader.0] file:/home/invisible/Desktop/neo4j-graph-db/neo4j-community-3.2.3/lib/netty-all-4.1.8.Final.jar
2017-08-13 19:43:01.585+0000 INFO [o.n.k.i.DiagnosticsManager]  [bootstrap] /usr/lib/jvm/java-8-oracle/jre/lib/charsets.jar
2017-08-13 19:43:01.586+0000 INFO [o.n.k.i.DiagnosticsManager]  [classpath + loader.0] file:/home/invisible/Desktop/neo4j-graph-db/neo4j-community-3.2.3/lib/commons-lang-2.6.jar
2017-08-13 19:43:01.586+0000 INFO [o.n.k.i.DiagnosticsManager]  [classpath + loader.0] file:/home/invisible/Desktop/neo4j-graph-db/neo4j-community-3.2.3/plugins/*
2017-08-13 19:43:01.586+0000 INFO [o.n.k.i.DiagnosticsManager]  [classpath + loader.0] file:/home/invisible/Desktop/neo4j-graph-db/neo4j-community-3.2.3/conf/
2017-08-13 19:43:01.586+0000 INFO [o.n.k.i.DiagnosticsManager]  [classpath + loader.0] file:/home/invisible/Desktop/neo4j-graph-db/neo4j-community-3.2.3/lib/concurrentlinkedhashmap-lru-1.4.2.jar
2017-08-13 19:43:01.586+0000 INFO [o.n.k.i.DiagnosticsManager]  [classpath + loader.0] file:/home/invisible/Desktop/neo4j-graph-db/neo4j-community-3.2.3/lib/jackson-jaxrs-1.9.13.jar
2017-08-13 19:43:01.586+0000 INFO [o.n.k.i.DiagnosticsManager]  [classpath + loader.0] file:/home/invisible/Desktop/neo4j-graph-db/neo4j-community-3.2.3/lib/bcpkix-jdk15on-1.53.jar
2017-08-13 19:43:01.586+0000 INFO [o.n.k.i.DiagnosticsManager]  [bootstrap] /usr/lib/jvm/java-8-oracle/jre/classes
2017-08-13 19:43:01.586+0000 INFO [o.n.k.i.DiagnosticsManager]  [classpath + loader.0] file:/home/invisible/Desktop/neo4j-graph-db/neo4j-community-3.2.3/lib/neo4j-browser-3.0.5.jar
2017-08-13 19:43:01.586+0000 INFO [o.n.k.i.DiagnosticsManager]  [classpath + loader.0] file:/home/invisible/Desktop/neo4j-graph-db/neo4j-community-3.2.3/lib/javax.servlet-api-3.1.0.jar
2017-08-13 19:43:01.586+0000 INFO [o.n.k.i.DiagnosticsManager]  [classpath + loader.0] file:/home/invisible/Desktop/neo4j-graph-db/neo4j-community-3.2.3/lib/neo4j-cypher-frontend-2.3-2.3.11.jar
2017-08-13 19:43:01.586+0000 INFO [o.n.k.i.DiagnosticsManager]  [classpath + loader.0] file:/home/invisible/Desktop/neo4j-graph-db/neo4j-community-3.2.3/lib/neo4j-cypher-3.2.3.jar
2017-08-13 19:43:01.587+0000 INFO [o.n.k.i.DiagnosticsManager]  [classpath + loader.0] file:/home/invisible/Desktop/neo4j-graph-db/neo4j-community-3.2.3/lib/neo4j-codegen-3.2.3.jar
2017-08-13 19:43:01.587+0000 INFO [o.n.k.i.DiagnosticsManager]  [classpath + loader.0] file:/home/invisible/Desktop/neo4j-graph-db/neo4j-community-3.2.3/lib/jackson-core-asl-1.9.13.jar
2017-08-13 19:43:01.587+0000 INFO [o.n.k.i.DiagnosticsManager]  [loader.1] file:/usr/lib/jvm/java-8-oracle/jre/lib/ext/nashorn.jar
2017-08-13 19:43:01.587+0000 INFO [o.n.k.i.DiagnosticsManager]  [classpath + loader.0] file:/home/invisible/Desktop/neo4j-graph-db/neo4j-community-3.2.3/lib/jetty-http-9.2.9.v20150224.jar
2017-08-13 19:43:01.587+0000 INFO [o.n.k.i.DiagnosticsManager]  [classpath + loader.0] file:/home/invisible/Desktop/neo4j-graph-db/neo4j-community-3.2.3/lib/commons-logging-1.1.1.jar
2017-08-13 19:43:01.587+0000 INFO [o.n.k.i.DiagnosticsManager]  [bootstrap] /usr/lib/jvm/java-8-oracle/jre/lib/sunrsasign.jar
2017-08-13 19:43:01.587+0000 INFO [o.n.k.i.DiagnosticsManager]  [classpath + loader.0] file:/home/invisible/Desktop/neo4j-graph-db/neo4j-community-3.2.3/lib/jetty-io-9.2.9.v20150224.jar
2017-08-13 19:43:01.587+0000 INFO [o.n.k.i.DiagnosticsManager]  [bootstrap] /usr/lib/jvm/java-8-oracle/jre/lib/resources.jar
2017-08-13 19:43:01.587+0000 INFO [o.n.k.i.DiagnosticsManager]  [classpath + loader.0] file:/home/invisible/Desktop/neo4j-graph-db/neo4j-community-3.2.3/lib/neo4j-ssl-3.2.3.jar
2017-08-13 19:43:01.587+0000 INFO [o.n.k.i.DiagnosticsManager]  [loader.1] file:/usr/lib/jvm/java-8-oracle/jre/lib/ext/localedata.jar
2017-08-13 19:43:01.587+0000 INFO [o.n.k.i.DiagnosticsManager]  [classpath + loader.0] file:/home/invisible/Desktop/neo4j-graph-db/neo4j-community-3.2.3/plugins/
2017-08-13 19:43:01.587+0000 INFO [o.n.k.i.DiagnosticsManager]  [classpath + loader.0] file:/home/invisible/Desktop/neo4j-graph-db/neo4j-community-3.2.3/lib/neo4j-command-line-3.2.3.jar
2017-08-13 19:43:01.587+0000 INFO [o.n.k.i.DiagnosticsManager]  [classpath + loader.0] file:/home/invisible/Desktop/neo4j-graph-db/neo4j-community-3.2.3/lib/mimepull-1.9.3.jar
2017-08-13 19:43:01.587+0000 INFO [o.n.k.i.DiagnosticsManager]  [classpath + loader.0] file:/home/invisible/Desktop/neo4j-graph-db/neo4j-community-3.2.3/lib/neo4j-cypher-compiler-3.2-3.2.3.jar
2017-08-13 19:43:01.588+0000 INFO [o.n.k.i.DiagnosticsManager] Library path:
2017-08-13 19:43:01.588+0000 INFO [o.n.k.i.DiagnosticsManager] /usr/java/packages/lib/amd64
2017-08-13 19:43:01.588+0000 INFO [o.n.k.i.DiagnosticsManager] /usr/lib64
2017-08-13 19:43:01.588+0000 INFO [o.n.k.i.DiagnosticsManager] /lib64
2017-08-13 19:43:01.588+0000 INFO [o.n.k.i.DiagnosticsManager] /lib
2017-08-13 19:43:01.588+0000 INFO [o.n.k.i.DiagnosticsManager] /usr/lib
2017-08-13 19:43:01.588+0000 INFO [o.n.k.i.DiagnosticsManager] System.properties:
2017-08-13 19:43:01.588+0000 INFO [o.n.k.i.DiagnosticsManager] sun.boot.library.path = /usr/lib/jvm/java-8-oracle/jre/lib/amd64
2017-08-13 19:43:01.588+0000 INFO [o.n.k.i.DiagnosticsManager] path.separator = :
2017-08-13 19:43:01.588+0000 INFO [o.n.k.i.DiagnosticsManager] file.encoding.pkg = sun.io
2017-08-13 19:43:01.589+0000 INFO [o.n.k.i.DiagnosticsManager] user.country = US
2017-08-13 19:43:01.589+0000 INFO [o.n.k.i.DiagnosticsManager] sun.java.launcher = SUN_STANDARD
2017-08-13 19:43:01.589+0000 INFO [o.n.k.i.DiagnosticsManager] sun.os.patch.level = unknown
2017-08-13 19:43:01.589+0000 INFO [o.n.k.i.DiagnosticsManager] user.dir = /home/invisible/Desktop/neo4j-graph-db/neo4j-community-3.2.3
2017-08-13 19:43:01.589+0000 INFO [o.n.k.i.DiagnosticsManager] sun.jnu.encoding = UTF-8
2017-08-13 19:43:01.589+0000 INFO [o.n.k.i.DiagnosticsManager] unsupported.dbms.udc.source = tarball
2017-08-13 19:43:01.589+0000 INFO [o.n.k.i.DiagnosticsManager] sun.management.compiler = HotSpot 64-Bit Tiered Compilers
2017-08-13 19:43:01.589+0000 INFO [o.n.k.i.DiagnosticsManager] user.home = /home/invisible
2017-08-13 19:43:01.589+0000 INFO [o.n.k.i.DiagnosticsManager] user.timezone = America/Chicago
2017-08-13 19:43:01.589+0000 INFO [o.n.k.i.DiagnosticsManager] file.encoding = UTF-8
2017-08-13 19:43:01.589+0000 INFO [o.n.k.i.DiagnosticsManager] user.name = invisible
2017-08-13 19:43:01.589+0000 INFO [o.n.k.i.DiagnosticsManager] sun.java.command = org.neo4j.server.CommunityEntryPoint --home-dir=/home/invisible/Desktop/neo4j-graph-db/neo4j-community-3.2.3 --config-dir=/home/invisible/Desktop/neo4j-graph-db/neo4j-community-3.2.3/conf
2017-08-13 19:43:01.589+0000 INFO [o.n.k.i.DiagnosticsManager] sun.arch.data.model = 64
2017-08-13 19:43:01.589+0000 INFO [o.n.k.i.DiagnosticsManager] user.language = en
2017-08-13 19:43:01.589+0000 INFO [o.n.k.i.DiagnosticsManager] awt.toolkit = sun.awt.X11.XToolkit
2017-08-13 19:43:01.589+0000 INFO [o.n.k.i.DiagnosticsManager] jdk.tls.ephemeralDHKeySize = 2048
2017-08-13 19:43:01.589+0000 INFO [o.n.k.i.DiagnosticsManager] file.separator = /
2017-08-13 19:43:01.590+0000 INFO [o.n.k.i.DiagnosticsManager] sun.io.unicode.encoding = UnicodeLittle
2017-08-13 19:43:01.590+0000 INFO [o.n.k.i.DiagnosticsManager] sun.cpu.endian = little
2017-08-13 19:43:01.590+0000 INFO [o.n.k.i.DiagnosticsManager] sun.desktop = gnome
2017-08-13 19:43:01.590+0000 INFO [o.n.k.i.DiagnosticsManager] sun.cpu.isalist = 
2017-08-13 19:43:01.590+0000 INFO [o.n.k.i.DiagnosticsManager] Linux scheduler information:
2017-08-13 19:43:01.598+0000 INFO [o.n.k.i.DiagnosticsManager] noop [deadline] cfq 
2017-08-13 19:43:01.598+0000 INFO [o.n.k.i.DiagnosticsManager] noop [deadline] cfq 
2017-08-13 19:43:01.598+0000 INFO [o.n.k.i.DiagnosticsManager] noop [deadline] cfq 
2017-08-13 19:43:01.598+0000 INFO [o.n.k.i.DiagnosticsManager] noop [deadline] cfq 
2017-08-13 19:43:01.599+0000 INFO [o.n.k.i.DiagnosticsManager] none
2017-08-13 19:43:01.599+0000 INFO [o.n.k.i.DiagnosticsManager] none
2017-08-13 19:43:01.599+0000 INFO [o.n.k.i.DiagnosticsManager] none
2017-08-13 19:43:01.600+0000 INFO [o.n.k.i.DiagnosticsManager] none
2017-08-13 19:43:01.600+0000 INFO [o.n.k.i.DiagnosticsManager] none
2017-08-13 19:43:01.600+0000 INFO [o.n.k.i.DiagnosticsManager] none
2017-08-13 19:43:01.601+0000 INFO [o.n.k.i.DiagnosticsManager] none
2017-08-13 19:43:01.601+0000 INFO [o.n.k.i.DiagnosticsManager] none
2017-08-13 19:43:01.601+0000 INFO [o.n.k.i.DiagnosticsManager] none
2017-08-13 19:43:01.601+0000 INFO [o.n.k.i.DiagnosticsManager] none
2017-08-13 19:43:01.602+0000 INFO [o.n.k.i.DiagnosticsManager] Network information:
2017-08-13 19:43:01.603+0000 INFO [o.n.k.i.DiagnosticsManager] Interface eth0:
2017-08-13 19:43:01.604+0000 INFO [o.n.k.i.DiagnosticsManager]     address: fe80:0:0:0:1af9:baa6:5c89:3899%eth0
2017-08-13 19:43:01.604+0000 INFO [o.n.k.i.DiagnosticsManager]     address: 192.168.1.131
2017-08-13 19:43:01.604+0000 INFO [o.n.k.i.DiagnosticsManager] Interface lo:
2017-08-13 19:43:01.604+0000 INFO [o.n.k.i.DiagnosticsManager]     address: 0:0:0:0:0:0:0:1%lo
2017-08-13 19:43:01.604+0000 INFO [o.n.k.i.DiagnosticsManager]     address: 127.0.0.1
2017-08-13 19:43:01.604+0000 INFO [o.n.k.i.DiagnosticsManager] --- INITIALIZED diagnostics END ---
2017-08-13 19:43:02.517+0000 INFO [o.n.b.v.r.WorkerFactory] Bolt Server extension loaded.
2017-08-13 19:43:02.517+0000 INFO [o.n.b.v.r.WorkerFactory] Bolt enabled on 127.0.0.1:7687.
2017-08-13 19:43:02.624+0000 INFO [o.n.k.i.s.f.RecordFormatSelector] Selected format 'RecordFormat:StandardV3_2[v0.A.8]' for the new store
2017-08-13 19:43:02.950+0000 INFO [o.n.k.i.a.i.IndexingService] IndexingService.init: indexes not specifically mentioned above are null
2017-08-13 19:43:02.950+0000 INFO [o.n.k.i.i.l.NativeLabelScanStore] No scan store found, this might just be first use. Preparing to rebuild.
2017-08-13 19:43:02.990+0000 INFO [o.n.k.NeoStoreDataSource] Opened logical log [/home/invisible/Desktop/neo4j-graph-db/neo4j-community-3.2.3/data/databases/graph.db/neostore.transaction.db.0] version=0, lastTxId=1 (clean)
2017-08-13 19:43:02.993+0000 INFO [o.n.k.NeoStoreDataSource] No commits found after last check point (which is at <no log position given>)
2017-08-13 19:43:03.007+0000 WARN [o.n.k.i.s.MetaDataStore] Missing counts store, rebuilding it.
2017-08-13 19:43:03.106+0000 WARN [o.n.k.i.s.MetaDataStore] Counts store rebuild completed.
2017-08-13 19:43:03.118+0000 INFO [o.n.k.i.a.i.IndexingService] IndexingService.start: indexes not specifically mentioned above are null
2017-08-13 19:43:03.118+0000 INFO [o.n.k.i.i.l.NativeLabelScanStore] Rebuilding scan store, this may take a while
2017-08-13 19:43:03.127+0000 INFO [o.n.k.i.i.l.NativeLabelScanStore] Scan store rebuilt (roughly 0 nodes)
2017-08-13 19:43:03.129+0000 INFO [o.n.k.i.DatabaseHealth] Database health set to OK
2017-08-13 19:43:03.554+0000 INFO [o.n.k.AvailabilityGuard] Fulfilling of requirement makes database available: Database available
2017-08-13 19:43:03.555+0000 INFO [o.n.k.i.f.GraphDatabaseFacadeFactory] Database is now ready
2017-08-13 19:43:03.556+0000 INFO [o.n.k.i.DiagnosticsManager] --- STARTED diagnostics for KernelDiagnostics:Versions START ---
2017-08-13 19:43:03.556+0000 INFO [o.n.k.i.DiagnosticsManager] Graph Database: community single StoreId{creationTime=1502653382825, randomId=-29139776045704803, storeVersion=15813456178476550, upgradeTime=1502653382825, upgradeId=1}
2017-08-13 19:43:03.556+0000 INFO [o.n.k.i.DiagnosticsManager] Kernel version: 3.2.3,36205d3138eff7e252a34c1a0224f84ad8747758
2017-08-13 19:43:03.556+0000 INFO [o.n.k.i.DiagnosticsManager] --- STARTED diagnostics for KernelDiagnostics:Versions END ---
2017-08-13 19:43:03.557+0000 INFO [o.n.k.i.DiagnosticsManager] --- STARTED diagnostics for NEO_STORE_VERSIONS START ---
2017-08-13 19:43:03.558+0000 INFO [o.n.k.i.DiagnosticsManager] Store versions:
2017-08-13 19:43:03.558+0000 INFO [o.n.k.i.DiagnosticsManager] Store versions:
2017-08-13 19:43:03.558+0000 INFO [o.n.k.i.DiagnosticsManager]   ArrayPropertyStore v0.A.8
2017-08-13 19:43:03.558+0000 INFO [o.n.k.i.DiagnosticsManager]   NodeStore v0.A.8
2017-08-13 19:43:03.558+0000 INFO [o.n.k.i.DiagnosticsManager]   StringPropertyStore v0.A.8
2017-08-13 19:43:03.558+0000 INFO [o.n.k.i.DiagnosticsManager]   PropertyIndexStore v0.A.8
2017-08-13 19:43:03.558+0000 INFO [o.n.k.i.DiagnosticsManager]   StringPropertyStore v0.A.8
2017-08-13 19:43:03.558+0000 INFO [o.n.k.i.DiagnosticsManager]   ArrayPropertyStore v0.A.8
2017-08-13 19:43:03.558+0000 INFO [o.n.k.i.DiagnosticsManager]   PropertyStore v0.A.8
2017-08-13 19:43:03.558+0000 INFO [o.n.k.i.DiagnosticsManager]   RelationshipStore v0.A.8
2017-08-13 19:43:03.559+0000 INFO [o.n.k.i.DiagnosticsManager]   StringPropertyStore v0.A.8
2017-08-13 19:43:03.559+0000 INFO [o.n.k.i.DiagnosticsManager]   RelationshipTypeStore v0.A.8
2017-08-13 19:43:03.559+0000 INFO [o.n.k.i.DiagnosticsManager]   StringPropertyStore v0.A.8
2017-08-13 19:43:03.559+0000 INFO [o.n.k.i.DiagnosticsManager]   LabelTokenStore v0.A.8
2017-08-13 19:43:03.559+0000 INFO [o.n.k.i.DiagnosticsManager]   SchemaStore v0.A.8
2017-08-13 19:43:03.559+0000 INFO [o.n.k.i.DiagnosticsManager]   RelationshipGroupStore v0.A.8
2017-08-13 19:43:03.559+0000 INFO [o.n.k.i.DiagnosticsManager]   NeoStore v0.A.8
2017-08-13 19:43:03.559+0000 INFO [o.n.k.i.DiagnosticsManager] --- STARTED diagnostics for NEO_STORE_VERSIONS END ---
2017-08-13 19:43:03.559+0000 INFO [o.n.k.i.DiagnosticsManager] --- STARTED diagnostics for NEO_STORE_ID_USAGE START ---
2017-08-13 19:43:03.559+0000 INFO [o.n.k.i.DiagnosticsManager] Id usage:
2017-08-13 19:43:03.559+0000 INFO [o.n.k.i.DiagnosticsManager] Id usage:
2017-08-13 19:43:03.560+0000 INFO [o.n.k.i.DiagnosticsManager]   ArrayPropertyStore: used=1 high=0
2017-08-13 19:43:03.560+0000 INFO [o.n.k.i.DiagnosticsManager]   NodeStore: used=0 high=-1
2017-08-13 19:43:03.560+0000 INFO [o.n.k.i.DiagnosticsManager]   StringPropertyStore: used=1 high=0
2017-08-13 19:43:03.560+0000 INFO [o.n.k.i.DiagnosticsManager]   PropertyIndexStore: used=0 high=-1
2017-08-13 19:43:03.560+0000 INFO [o.n.k.i.DiagnosticsManager]   StringPropertyStore: used=1 high=0
2017-08-13 19:43:03.560+0000 INFO [o.n.k.i.DiagnosticsManager]   ArrayPropertyStore: used=1 high=0
2017-08-13 19:43:03.560+0000 INFO [o.n.k.i.DiagnosticsManager]   PropertyStore: used=0 high=-1
2017-08-13 19:43:03.560+0000 INFO [o.n.k.i.DiagnosticsManager]   RelationshipStore: used=0 high=-1
2017-08-13 19:43:03.560+0000 INFO [o.n.k.i.DiagnosticsManager]   StringPropertyStore: used=1 high=0
2017-08-13 19:43:03.560+0000 INFO [o.n.k.i.DiagnosticsManager]   RelationshipTypeStore: used=0 high=-1
2017-08-13 19:43:03.561+0000 INFO [o.n.k.i.DiagnosticsManager]   StringPropertyStore: used=1 high=0
2017-08-13 19:43:03.561+0000 INFO [o.n.k.i.DiagnosticsManager]   LabelTokenStore: used=0 high=-1
2017-08-13 19:43:03.561+0000 INFO [o.n.k.i.DiagnosticsManager]   SchemaStore: used=1 high=0
2017-08-13 19:43:03.561+0000 INFO [o.n.k.i.DiagnosticsManager]   RelationshipGroupStore: used=1 high=0
2017-08-13 19:43:03.561+0000 INFO [o.n.k.i.DiagnosticsManager]   NeoStore: used=15 high=14
2017-08-13 19:43:03.561+0000 INFO [o.n.k.i.DiagnosticsManager] --- STARTED diagnostics for NEO_STORE_ID_USAGE END ---
2017-08-13 19:43:03.561+0000 INFO [o.n.k.i.DiagnosticsManager] --- STARTED diagnostics for NEO_STORE_RECORDS START ---
2017-08-13 19:43:03.561+0000 INFO [o.n.k.i.DiagnosticsManager] Neostore records:
2017-08-13 19:43:03.562+0000 INFO [o.n.k.i.DiagnosticsManager] TIME (Creation time): 1502653382825
2017-08-13 19:43:03.562+0000 INFO [o.n.k.i.DiagnosticsManager] RANDOM_NUMBER (Random number for store id): -29139776045704803
2017-08-13 19:43:03.562+0000 INFO [o.n.k.i.DiagnosticsManager] LOG_VERSION (Current log version): 0
2017-08-13 19:43:03.562+0000 INFO [o.n.k.i.DiagnosticsManager] LAST_TRANSACTION_ID (Last committed transaction): 1
2017-08-13 19:43:03.562+0000 INFO [o.n.k.i.DiagnosticsManager] STORE_VERSION (Store format version): 15813456178476550
2017-08-13 19:43:03.562+0000 INFO [o.n.k.i.DiagnosticsManager] FIRST_GRAPH_PROPERTY (First property record containing graph properties): -1
2017-08-13 19:43:03.562+0000 INFO [o.n.k.i.DiagnosticsManager] LAST_CONSTRAINT_TRANSACTION (Last committed transaction containing constraint changes): 0
2017-08-13 19:43:03.562+0000 INFO [o.n.k.i.DiagnosticsManager] UPGRADE_TRANSACTION_ID (Transaction id most recent upgrade was performed at): 1
2017-08-13 19:43:03.562+0000 INFO [o.n.k.i.DiagnosticsManager] UPGRADE_TIME (Time of last upgrade): 1502653382825
2017-08-13 19:43:03.562+0000 INFO [o.n.k.i.DiagnosticsManager] LAST_TRANSACTION_CHECKSUM (Checksum of last committed transaction): 0
2017-08-13 19:43:03.563+0000 INFO [o.n.k.i.DiagnosticsManager] UPGRADE_TRANSACTION_CHECKSUM (Checksum of transaction id the most recent upgrade was performed at): 0
2017-08-13 19:43:03.563+0000 INFO [o.n.k.i.DiagnosticsManager] LAST_CLOSED_TRANSACTION_LOG_VERSION (Log version where the last transaction commit entry has been written into): 0
2017-08-13 19:43:03.563+0000 INFO [o.n.k.i.DiagnosticsManager] LAST_CLOSED_TRANSACTION_LOG_BYTE_OFFSET (Byte offset in the log file where the last transaction commit entry has been written into): 16
2017-08-13 19:43:03.563+0000 INFO [o.n.k.i.DiagnosticsManager] LAST_TRANSACTION_COMMIT_TIMESTAMP (Commit time timestamp for last committed transaction): 0
2017-08-13 19:43:03.563+0000 INFO [o.n.k.i.DiagnosticsManager] UPGRADE_TRANSACTION_COMMIT_TIMESTAMP (Commit timestamp of transaction the most recent upgrade was performed at): 0
2017-08-13 19:43:03.563+0000 INFO [o.n.k.i.DiagnosticsManager] --- STARTED diagnostics for NEO_STORE_RECORDS END ---
2017-08-13 19:43:03.564+0000 INFO [o.n.k.i.DiagnosticsManager] --- STARTED diagnostics for TRANSACTION_RANGE START ---
2017-08-13 19:43:03.564+0000 INFO [o.n.k.i.DiagnosticsManager] Transaction log:
2017-08-13 19:43:03.564+0000 INFO [o.n.k.i.DiagnosticsManager] No transactions found in any log
2017-08-13 19:43:03.565+0000 INFO [o.n.k.i.DiagnosticsManager] --- STARTED diagnostics for TRANSACTION_RANGE END ---
2017-08-13 19:43:03.565+0000 INFO [o.n.k.i.DiagnosticsManager] --- STARTED diagnostics for KernelDiagnostics:StoreFiles START ---
2017-08-13 19:43:03.565+0000 INFO [o.n.k.i.DiagnosticsManager] Disk space on partition (Total / Free / Free %): 104613634048 / 68235399168 / 65
Storage files: (filename : modification date - size)
2017-08-13 19:43:03.566+0000 INFO [o.n.k.i.DiagnosticsManager]   index:
2017-08-13 19:43:03.566+0000 INFO [o.n.k.i.DiagnosticsManager]   - Total: 2017-08-13T14:43:02-0500 - 0.00 B
2017-08-13 19:43:03.566+0000 INFO [o.n.k.i.DiagnosticsManager]   neostore: 2017-08-13T14:43:02-0500 - 8.00 kB
2017-08-13 19:43:03.566+0000 INFO [o.n.k.i.DiagnosticsManager]   neostore.counts.db.a: 2017-08-13T14:43:03-0500 - 96.00 B
2017-08-13 19:43:03.566+0000 INFO [o.n.k.i.DiagnosticsManager]   neostore.id: 2017-08-13T14:43:02-0500 - 9.00 B
2017-08-13 19:43:03.566+0000 INFO [o.n.k.i.DiagnosticsManager]   neostore.labelscanstore.db: 2017-08-13T14:43:03-0500 - 40.00 kB
2017-08-13 19:43:03.567+0000 INFO [o.n.k.i.DiagnosticsManager]   neostore.labeltokenstore.db: 2017-08-13T14:43:02-0500 - 0.00 B
2017-08-13 19:43:03.567+0000 INFO [o.n.k.i.DiagnosticsManager]   neostore.labeltokenstore.db.id: 2017-08-13T14:43:02-0500 - 9.00 B
2017-08-13 19:43:03.567+0000 INFO [o.n.k.i.DiagnosticsManager]   neostore.labeltokenstore.db.names: 2017-08-13T14:43:02-0500 - 8.00 kB
2017-08-13 19:43:03.567+0000 INFO [o.n.k.i.DiagnosticsManager]   neostore.labeltokenstore.db.names.id: 2017-08-13T14:43:02-0500 - 9.00 B
2017-08-13 19:43:03.567+0000 INFO [o.n.k.i.DiagnosticsManager]   neostore.nodestore.db: 2017-08-13T14:43:02-0500 - 0.00 B
2017-08-13 19:43:03.567+0000 INFO [o.n.k.i.DiagnosticsManager]   neostore.nodestore.db.id: 2017-08-13T14:43:02-0500 - 9.00 B
2017-08-13 19:43:03.567+0000 INFO [o.n.k.i.DiagnosticsManager]   neostore.nodestore.db.labels: 2017-08-13T14:43:02-0500 - 8.00 kB
2017-08-13 19:43:03.567+0000 INFO [o.n.k.i.DiagnosticsManager]   neostore.nodestore.db.labels.id: 2017-08-13T14:43:02-0500 - 9.00 B
2017-08-13 19:43:03.568+0000 INFO [o.n.k.i.DiagnosticsManager]   neostore.propertystore.db: 2017-08-13T14:43:02-0500 - 0.00 B
2017-08-13 19:43:03.568+0000 INFO [o.n.k.i.DiagnosticsManager]   neostore.propertystore.db.arrays: 2017-08-13T14:43:02-0500 - 8.00 kB
2017-08-13 19:43:03.568+0000 INFO [o.n.k.i.DiagnosticsManager]   neostore.propertystore.db.arrays.id: 2017-08-13T14:43:02-0500 - 9.00 B
2017-08-13 19:43:03.568+0000 INFO [o.n.k.i.DiagnosticsManager]   neostore.propertystore.db.id: 2017-08-13T14:43:02-0500 - 9.00 B
2017-08-13 19:43:03.568+0000 INFO [o.n.k.i.DiagnosticsManager]   neostore.propertystore.db.index: 2017-08-13T14:43:02-0500 - 0.00 B
2017-08-13 19:43:03.568+0000 INFO [o.n.k.i.DiagnosticsManager]   neostore.propertystore.db.index.id: 2017-08-13T14:43:02-0500 - 9.00 B
2017-08-13 19:43:03.568+0000 INFO [o.n.k.i.DiagnosticsManager]   neostore.propertystore.db.index.keys: 2017-08-13T14:43:02-0500 - 8.00 kB
2017-08-13 19:43:03.568+0000 INFO [o.n.k.i.DiagnosticsManager]   neostore.propertystore.db.index.keys.id: 2017-08-13T14:43:02-0500 - 9.00 B
2017-08-13 19:43:03.569+0000 INFO [o.n.k.i.DiagnosticsManager]   neostore.propertystore.db.strings: 2017-08-13T14:43:02-0500 - 8.00 kB
2017-08-13 19:43:03.569+0000 INFO [o.n.k.i.DiagnosticsManager]   neostore.propertystore.db.strings.id: 2017-08-13T14:43:02-0500 - 9.00 B
2017-08-13 19:43:03.569+0000 INFO [o.n.k.i.DiagnosticsManager]   neostore.relationshipgroupstore.db: 2017-08-13T14:43:02-0500 - 8.00 kB
2017-08-13 19:43:03.569+0000 INFO [o.n.k.i.DiagnosticsManager]   neostore.relationshipgroupstore.db.id: 2017-08-13T14:43:02-0500 - 9.00 B
2017-08-13 19:43:03.569+0000 INFO [o.n.k.i.DiagnosticsManager]   neostore.relationshipstore.db: 2017-08-13T14:43:02-0500 - 0.00 B
2017-08-13 19:43:03.569+0000 INFO [o.n.k.i.DiagnosticsManager]   neostore.relationshipstore.db.id: 2017-08-13T14:43:02-0500 - 9.00 B
2017-08-13 19:43:03.569+0000 INFO [o.n.k.i.DiagnosticsManager]   neostore.relationshiptypestore.db: 2017-08-13T14:43:02-0500 - 0.00 B
2017-08-13 19:43:03.569+0000 INFO [o.n.k.i.DiagnosticsManager]   neostore.relationshiptypestore.db.id: 2017-08-13T14:43:02-0500 - 9.00 B
2017-08-13 19:43:03.569+0000 INFO [o.n.k.i.DiagnosticsManager]   neostore.relationshiptypestore.db.names: 2017-08-13T14:43:02-0500 - 8.00 kB
2017-08-13 19:43:03.570+0000 INFO [o.n.k.i.DiagnosticsManager]   neostore.relationshiptypestore.db.names.id: 2017-08-13T14:43:02-0500 - 9.00 B
2017-08-13 19:43:03.570+0000 INFO [o.n.k.i.DiagnosticsManager]   neostore.schemastore.db: 2017-08-13T14:43:02-0500 - 8.00 kB
2017-08-13 19:43:03.570+0000 INFO [o.n.k.i.DiagnosticsManager]   neostore.schemastore.db.id: 2017-08-13T14:43:02-0500 - 9.00 B
2017-08-13 19:43:03.570+0000 INFO [o.n.k.i.DiagnosticsManager]   neostore.transaction.db.0: 2017-08-13T14:43:02-0500 - 16.00 B
2017-08-13 19:43:03.570+0000 INFO [o.n.k.i.DiagnosticsManager]   store_lock: 2017-08-13T14:43:02-0500 - 0.00 B
2017-08-13 19:43:03.570+0000 INFO [o.n.k.i.DiagnosticsManager] --- STARTED diagnostics for KernelDiagnostics:StoreFiles END ---
2017-08-13 19:43:04.859+0000 INFO [o.n.k.i.DiagnosticsManager] --- SERVER STARTED START ---
2017-08-13 19:43:05.827+0000 INFO [o.n.k.i.DiagnosticsManager] --- SERVER STARTED END ---
2017-08-14 04:36:36.889+0000 INFO [o.n.k.i.f.GraphDatabaseFacadeFactory] Shutdown started
2017-08-14 04:36:36.890+0000 INFO [o.n.k.i.f.GraphDatabaseFacadeFactory] Database is now unavailable
2017-08-14 04:36:36.897+0000 INFO [o.n.k.i.t.l.c.CheckPointerImpl] Check Pointing triggered by database shutdown [1]:  Starting check pointing...
2017-08-14 04:36:36.898+0000 INFO [o.n.k.i.t.l.c.CheckPointerImpl] Check Pointing triggered by database shutdown [1]:  Starting store flush...
2017-08-14 04:36:36.904+0000 INFO [o.n.k.i.t.l.c.CheckPointerImpl] Check Pointing triggered by database shutdown [1]:  Store flush completed
2017-08-14 04:36:36.904+0000 INFO [o.n.k.i.t.l.c.CheckPointerImpl] Check Pointing triggered by database shutdown [1]:  Starting appending check point entry into the tx log...
2017-08-14 04:36:36.908+0000 INFO [o.n.k.i.t.l.c.CheckPointerImpl] Check Pointing triggered by database shutdown [1]:  Appending check point entry into the tx log completed
2017-08-14 04:36:36.908+0000 INFO [o.n.k.i.t.l.c.CheckPointerImpl] Check Pointing triggered by database shutdown [1]:  Check pointing completed
2017-08-14 04:36:36.908+0000 INFO [o.n.k.i.t.l.p.LogPruningImpl] Log Rotation [0]:  Starting log pruning.
2017-08-14 04:36:36.908+0000 INFO [o.n.k.i.t.l.p.LogPruningImpl] Log Rotation [0]:  Log pruning complete.
2017-08-14 04:36:36.951+0000 INFO [o.n.k.i.DiagnosticsManager] --- STOPPING diagnostics START ---
2017-08-14 04:36:36.951+0000 INFO [o.n.k.i.DiagnosticsManager] --- STOPPING diagnostics END ---
2017-08-15 00:57:36.630+0000 WARN [o.n.i.p.PageCache] The dbms.memory.pagecache.size setting has not been configured. It is recommended that this setting is always explicitly configured, to ensure the system has a balanced configuration. Until then, a computed heuristic value of 4685920256 bytes will be used instead. 
2017-08-15 00:57:37.092+0000 INFO [o.n.k.i.f.CommunityEditionModule] No locking implementation specified, defaulting to 'community'
2017-08-15 00:57:37.244+0000 INFO [o.n.k.AvailabilityGuard] Requirement makes database unavailable: Database available
2017-08-15 00:57:37.260+0000 INFO [o.n.k.i.DiagnosticsManager] --- INITIALIZED diagnostics START ---
2017-08-15 00:57:37.261+0000 INFO [o.n.k.i.DiagnosticsManager] Neo4j Kernel properties:
2017-08-15 00:57:37.261+0000 INFO [o.n.k.i.DiagnosticsManager] dbms.connector.http.enabled=true
2017-08-15 00:57:37.261+0000 INFO [o.n.k.i.DiagnosticsManager] dbms.security.auth_enabled=true
2017-08-15 00:57:37.261+0000 INFO [o.n.k.i.DiagnosticsManager] dbms.connector.bolt.type=BOLT
2017-08-15 00:57:37.262+0000 INFO [o.n.k.i.DiagnosticsManager] unsupported.dbms.directories.neo4j_home=/home/invisible/Desktop/neo4j-graph-db/neo4j-community-3.2.3
2017-08-15 00:57:37.262+0000 INFO [o.n.k.i.DiagnosticsManager] dbms.directories.import=import
2017-08-15 00:57:37.262+0000 INFO [o.n.k.i.DiagnosticsManager] dbms.connector.https.enabled=true
2017-08-15 00:57:37.262+0000 INFO [o.n.k.i.DiagnosticsManager] dbms.connector.http.type=HTTP
2017-08-15 00:57:37.262+0000 INFO [o.n.k.i.DiagnosticsManager] dbms.jvm.additional=-Dunsupported.dbms.udc.source=tarball
2017-08-15 00:57:37.262+0000 INFO [o.n.k.i.DiagnosticsManager] dbms.tx_log.rotation.retention_policy=1 days
2017-08-15 00:57:37.262+0000 INFO [o.n.k.i.DiagnosticsManager] dbms.windows_service_name=neo4j
2017-08-15 00:57:37.263+0000 INFO [o.n.k.i.DiagnosticsManager] dbms.connector.https.type=HTTP
2017-08-15 00:57:37.263+0000 INFO [o.n.k.i.DiagnosticsManager] unsupported.dbms.edition=community
2017-08-15 00:57:37.263+0000 INFO [o.n.k.i.DiagnosticsManager] dbms.connector.bolt.enabled=true
2017-08-15 00:57:37.263+0000 INFO [o.n.k.i.DiagnosticsManager] Diagnostics providers:
2017-08-15 00:57:37.263+0000 INFO [o.n.k.i.DiagnosticsManager] org.neo4j.kernel.configuration.Config
2017-08-15 00:57:37.263+0000 INFO [o.n.k.i.DiagnosticsManager] org.neo4j.kernel.info.DiagnosticsManager
2017-08-15 00:57:37.264+0000 INFO [o.n.k.i.DiagnosticsManager] SYSTEM_MEMORY
2017-08-15 00:57:37.264+0000 INFO [o.n.k.i.DiagnosticsManager] JAVA_MEMORY
2017-08-15 00:57:37.264+0000 INFO [o.n.k.i.DiagnosticsManager] OPERATING_SYSTEM
2017-08-15 00:57:37.264+0000 INFO [o.n.k.i.DiagnosticsManager] JAVA_VIRTUAL_MACHINE
2017-08-15 00:57:37.264+0000 INFO [o.n.k.i.DiagnosticsManager] CLASSPATH
2017-08-15 00:57:37.264+0000 INFO [o.n.k.i.DiagnosticsManager] LIBRARY_PATH
2017-08-15 00:57:37.264+0000 INFO [o.n.k.i.DiagnosticsManager] SYSTEM_PROPERTIES
2017-08-15 00:57:37.264+0000 INFO [o.n.k.i.DiagnosticsManager] LINUX_SCHEDULERS
2017-08-15 00:57:37.265+0000 INFO [o.n.k.i.DiagnosticsManager] NETWORK
2017-08-15 00:57:37.265+0000 INFO [o.n.k.i.DiagnosticsManager] System memory information:
2017-08-15 00:57:37.266+0000 INFO [o.n.k.i.DiagnosticsManager] Total Physical memory: 11.64 GB
2017-08-15 00:57:37.266+0000 INFO [o.n.k.i.DiagnosticsManager] Free Physical memory: 1.89 GB
2017-08-15 00:57:37.266+0000 INFO [o.n.k.i.DiagnosticsManager] Committed virtual memory: 6.21 GB
2017-08-15 00:57:37.267+0000 INFO [o.n.k.i.DiagnosticsManager] Total swap space: 11.90 GB
2017-08-15 00:57:37.267+0000 INFO [o.n.k.i.DiagnosticsManager] Free swap space: 11.79 GB
2017-08-15 00:57:37.267+0000 INFO [o.n.k.i.DiagnosticsManager] JVM memory information:
2017-08-15 00:57:37.267+0000 INFO [o.n.k.i.DiagnosticsManager] Free  memory: 113.82 MB
2017-08-15 00:57:37.267+0000 INFO [o.n.k.i.DiagnosticsManager] Total memory: 188.00 MB
2017-08-15 00:57:37.268+0000 INFO [o.n.k.i.DiagnosticsManager] Max   memory: 2.91 GB
2017-08-15 00:57:37.269+0000 INFO [o.n.k.i.DiagnosticsManager] Garbage Collector: G1 Young Generation: [G1 Eden Space, G1 Survivor Space]
2017-08-15 00:57:37.269+0000 INFO [o.n.k.i.DiagnosticsManager] Garbage Collector: G1 Old Generation: [G1 Eden Space, G1 Survivor Space, G1 Old Gen]
2017-08-15 00:57:37.270+0000 INFO [o.n.k.i.DiagnosticsManager] Memory Pool: Code Cache (Non-heap memory): committed=5.06 MB, used=5.00 MB, max=240.00 MB, threshold=0.00 B
2017-08-15 00:57:37.270+0000 INFO [o.n.k.i.DiagnosticsManager] Memory Pool: Metaspace (Non-heap memory): committed=13.50 MB, used=12.58 MB, max=-1.00 B, threshold=0.00 B
2017-08-15 00:57:37.271+0000 INFO [o.n.k.i.DiagnosticsManager] Memory Pool: Compressed Class Space (Non-heap memory): committed=2.00 MB, used=1.70 MB, max=1.00 GB, threshold=0.00 B
2017-08-15 00:57:37.271+0000 INFO [o.n.k.i.DiagnosticsManager] Memory Pool: G1 Eden Space (Heap memory): committed=46.00 MB, used=29.00 MB, max=-1.00 B, threshold=?
2017-08-15 00:57:37.271+0000 INFO [o.n.k.i.DiagnosticsManager] Memory Pool: G1 Survivor Space (Heap memory): committed=2.00 MB, used=2.00 MB, max=-1.00 B, threshold=?
2017-08-15 00:57:37.271+0000 INFO [o.n.k.i.DiagnosticsManager] Memory Pool: G1 Old Gen (Heap memory): committed=140.00 MB, used=42.68 MB, max=2.91 GB, threshold=0.00 B
2017-08-15 00:57:37.271+0000 INFO [o.n.k.i.DiagnosticsManager] Operating system information:
2017-08-15 00:57:37.272+0000 INFO [o.n.k.i.DiagnosticsManager] Operating System: Linux; version: 4.4.0-89-generic; arch: amd64; cpus: 6
2017-08-15 00:57:37.272+0000 INFO [o.n.k.i.DiagnosticsManager] Max number of file descriptors: 1048576
2017-08-15 00:57:37.272+0000 INFO [o.n.k.i.DiagnosticsManager] Number of open file descriptors: 99
2017-08-15 00:57:37.274+0000 INFO [o.n.k.i.DiagnosticsManager] Process id: 6750@no-name
2017-08-15 00:57:37.274+0000 INFO [o.n.k.i.DiagnosticsManager] Byte order: LITTLE_ENDIAN
2017-08-15 00:57:37.274+0000 INFO [o.n.k.i.DiagnosticsManager] Local timezone: America/Chicago
2017-08-15 00:57:37.274+0000 INFO [o.n.k.i.DiagnosticsManager] JVM information:
2017-08-15 00:57:37.274+0000 INFO [o.n.k.i.DiagnosticsManager] VM Name: Java HotSpot(TM) 64-Bit Server VM
2017-08-15 00:57:37.274+0000 INFO [o.n.k.i.DiagnosticsManager] VM Vendor: Oracle Corporation
2017-08-15 00:57:37.274+0000 INFO [o.n.k.i.DiagnosticsManager] VM Version: 25.121-b13
2017-08-15 00:57:37.275+0000 INFO [o.n.k.i.DiagnosticsManager] JIT compiler: HotSpot 64-Bit Tiered Compilers
2017-08-15 00:57:37.275+0000 INFO [o.n.k.i.DiagnosticsManager] VM Arguments: [-XX:+UseG1GC, -XX:-OmitStackTraceInFastThrow, -XX:+AlwaysPreTouch, -XX:+UnlockExperimentalVMOptions, -XX:+TrustFinalNonStaticFields, -XX:+DisableExplicitGC, -Djdk.tls.ephemeralDHKeySize=2048, -Dunsupported.dbms.udc.source=tarball, -Dfile.encoding=UTF-8]
2017-08-15 00:57:37.275+0000 INFO [o.n.k.i.DiagnosticsManager] Java classpath:
2017-08-15 00:57:37.278+0000 INFO [o.n.k.i.DiagnosticsManager]  [classpath + loader.0] file:/home/invisible/Desktop/neo4j-graph-db/neo4j-community-3.2.3/lib/neo4j-bolt-3.2.3.jar
2017-08-15 00:57:37.278+0000 INFO [o.n.k.i.DiagnosticsManager]  [classpath + loader.0] file:/home/invisible/Desktop/neo4j-graph-db/neo4j-community-3.2.3/lib/opencsv-2.3.jar
2017-08-15 00:57:37.278+0000 INFO [o.n.k.i.DiagnosticsManager]  [loader.1] file:/usr/lib/jvm/java-8-oracle/jre/lib/ext/zipfs.jar
2017-08-15 00:57:37.279+0000 INFO [o.n.k.i.DiagnosticsManager]  [classpath + loader.0] file:/home/invisible/Desktop/neo4j-graph-db/neo4j-community-3.2.3/lib/jsr311-api-1.1.2.r612.jar
2017-08-15 00:57:37.279+0000 INFO [o.n.k.i.DiagnosticsManager]  [classpath + loader.0] file:/home/invisible/Desktop/neo4j-graph-db/neo4j-community-3.2.3/lib/jetty-servlet-9.2.9.v20150224.jar
2017-08-15 00:57:37.279+0000 INFO [o.n.k.i.DiagnosticsManager]  [classpath + loader.0] file:/home/invisible/Desktop/neo4j-graph-db/neo4j-community-3.2.3/lib/neo4j-graph-matching-3.1.3.jar
2017-08-15 00:57:37.279+0000 INFO [o.n.k.i.DiagnosticsManager]  [bootstrap] /usr/lib/jvm/java-8-oracle/jre/lib/jfr.jar
2017-08-15 00:57:37.279+0000 INFO [o.n.k.i.DiagnosticsManager]  [classpath + loader.0] file:/home/invisible/Desktop/neo4j-graph-db/neo4j-community-3.2.3/lib/neo4j-collections-3.2.3.jar
2017-08-15 00:57:37.279+0000 INFO [o.n.k.i.DiagnosticsManager]  [classpath + loader.0] file:/home/invisible/Desktop/neo4j-graph-db/neo4j-community-3.2.3/lib/lucene-queryparser-5.5.0.jar
2017-08-15 00:57:37.279+0000 INFO [o.n.k.i.DiagnosticsManager]  [classpath + loader.0] file:/home/invisible/Desktop/neo4j-graph-db/neo4j-community-3.2.3/lib/jetty-util-9.2.9.v20150224.jar
2017-08-15 00:57:37.279+0000 INFO [o.n.k.i.DiagnosticsManager]  [classpath + loader.0] file:/home/invisible/Desktop/neo4j-graph-db/neo4j-community-3.2.3/lib/neo4j-kernel-3.2.3.jar
2017-08-15 00:57:37.279+0000 INFO [o.n.k.i.DiagnosticsManager]  [classpath + loader.0] file:/home/invisible/Desktop/neo4j-graph-db/neo4j-community-3.2.3/lib/neo4j-cypher-frontend-3.2-3.2.3.jar
2017-08-15 00:57:37.279+0000 INFO [o.n.k.i.DiagnosticsManager]  [classpath + loader.0] file:/home/invisible/Desktop/neo4j-graph-db/neo4j-community-3.2.3/lib/neo4j-jmx-3.2.3.jar
2017-08-15 00:57:37.280+0000 INFO [o.n.k.i.DiagnosticsManager]  [classpath + loader.0] file:/home/invisible/Desktop/neo4j-graph-db/neo4j-community-3.2.3/lib/neo4j-graphdb-api-3.2.3.jar
2017-08-15 00:57:37.280+0000 INFO [o.n.k.i.DiagnosticsManager]  [classpath + loader.0] file:/home/invisible/Desktop/neo4j-graph-db/neo4j-community-3.2.3/lib/jersey-servlet-1.19.jar
2017-08-15 00:57:37.280+0000 INFO [o.n.k.i.DiagnosticsManager]  [classpath + loader.0] file:/home/invisible/Desktop/neo4j-graph-db/neo4j-community-3.2.3/lib/neo4j-io-3.2.3.jar
2017-08-15 00:57:37.280+0000 INFO [o.n.k.i.DiagnosticsManager]  [classpath + loader.0] file:/home/invisible/Desktop/neo4j-graph-db/neo4j-community-3.2.3/lib/neo4j-security-3.2.3.jar
2017-08-15 00:57:37.280+0000 INFO [o.n.k.i.DiagnosticsManager]  [classpath + loader.0] file:/home/invisible/Desktop/neo4j-graph-db/neo4j-community-3.2.3/lib/commons-configuration-1.10.jar
2017-08-15 00:57:37.280+0000 INFO [o.n.k.i.DiagnosticsManager]  [bootstrap] /usr/lib/jvm/java-8-oracle/jre/lib/jsse.jar
2017-08-15 00:57:37.280+0000 INFO [o.n.k.i.DiagnosticsManager]  [classpath + loader.0] file:/home/invisible/Desktop/neo4j-graph-db/neo4j-community-3.2.3/lib/caffeine-2.3.3.jar
2017-08-15 00:57:37.280+0000 INFO [o.n.k.i.DiagnosticsManager]  [classpath + loader.0] file:/home/invisible/Desktop/neo4j-graph-db/neo4j-community-3.2.3/lib/server-api-3.2.3.jar
2017-08-15 00:57:37.280+0000 INFO [o.n.k.i.DiagnosticsManager]  [loader.1] file:/usr/lib/jvm/java-8-oracle/jre/lib/ext/cldrdata.jar
2017-08-15 00:57:37.280+0000 INFO [o.n.k.i.DiagnosticsManager]  [classpath + loader.0] file:/home/invisible/Desktop/neo4j-graph-db/neo4j-community-3.2.3/lib/jersey-multipart-1.19.jar
2017-08-15 00:57:37.281+0000 INFO [o.n.k.i.DiagnosticsManager]  [loader.1] file:/usr/lib/jvm/java-8-oracle/jre/lib/ext/sunec.jar
2017-08-15 00:57:37.281+0000 INFO [o.n.k.i.DiagnosticsManager]  [classpath + loader.0] file:/home/invisible/Desktop/neo4j-graph-db/neo4j-community-3.2.3/lib/lucene-analyzers-common-5.5.0.jar
2017-08-15 00:57:37.281+0000 INFO [o.n.k.i.DiagnosticsManager]  [classpath + loader.0] file:/home/invisible/Desktop/neo4j-graph-db/neo4j-community-3.2.3/lib/asm-5.2.jar
2017-08-15 00:57:37.281+0000 INFO [o.n.k.i.DiagnosticsManager]  [classpath + loader.0] file:/home/invisible/Desktop/neo4j-graph-db/neo4j-community-3.2.3/lib/jline-2.12.jar
2017-08-15 00:57:37.281+0000 INFO [o.n.k.i.DiagnosticsManager]  [loader.1] file:/usr/lib/jvm/java-8-oracle/jre/lib/ext/sunjce_provider.jar
2017-08-15 00:57:37.281+0000 INFO [o.n.k.i.DiagnosticsManager]  [classpath + loader.0] file:/home/invisible/Desktop/neo4j-graph-db/neo4j-community-3.2.3/lib/neo4j-unsafe-3.2.3.jar
2017-08-15 00:57:37.281+0000 INFO [o.n.k.i.DiagnosticsManager]  [classpath + loader.0] file:/home/invisible/Desktop/neo4j-graph-db/neo4j-community-3.2.3/lib/lucene-core-5.5.0.jar
2017-08-15 00:57:37.281+0000 INFO [o.n.k.i.DiagnosticsManager]  [classpath + loader.0] file:/home/invisible/Desktop/neo4j-graph-db/neo4j-community-3.2.3/lib/neo4j-import-tool-3.2.3.jar
2017-08-15 00:57:37.281+0000 INFO [o.n.k.i.DiagnosticsManager]  [classpath + loader.0] file:/home/invisible/Desktop/neo4j-graph-db/neo4j-community-3.2.3/lib/neo4j-cypher-ir-3.2-3.2.3.jar
2017-08-15 00:57:37.281+0000 INFO [o.n.k.i.DiagnosticsManager]  [classpath + loader.0] file:/home/invisible/Desktop/neo4j-graph-db/neo4j-community-3.2.3/lib/commons-beanutils-1.8.3.jar
2017-08-15 00:57:37.281+0000 INFO [o.n.k.i.DiagnosticsManager]  [loader.1] file:/usr/lib/jvm/java-8-oracle/jre/lib/ext/dnsns.jar
2017-08-15 00:57:37.282+0000 INFO [o.n.k.i.DiagnosticsManager]  [classpath + loader.0] file:/home/invisible/Desktop/neo4j-graph-db/neo4j-community-3.2.3/lib/commons-digester-2.1.jar
2017-08-15 00:57:37.282+0000 INFO [o.n.k.i.DiagnosticsManager]  [classpath + loader.0] file:/home/invisible/Desktop/neo4j-graph-db/neo4j-community-3.2.3/lib/neo4j-common-3.2.3.jar
2017-08-15 00:57:37.282+0000 INFO [o.n.k.i.DiagnosticsManager]  [classpath + loader.0] file:/home/invisible/Desktop/neo4j-graph-db/neo4j-community-3.2.3/lib/jetty-security-9.2.9.v20150224.jar
2017-08-15 00:57:37.282+0000 INFO [o.n.k.i.DiagnosticsManager]  [classpath + loader.0] file:/home/invisible/Desktop/neo4j-graph-db/neo4j-community-3.2.3/lib/neo4j-shell-3.2.3.jar
2017-08-15 00:57:37.282+0000 INFO [o.n.k.i.DiagnosticsManager]  [classpath + loader.0] file:/home/invisible/Desktop/neo4j-graph-db/neo4j-community-3.2.3/lib/neo4j-primitive-collections-3.2.3.jar
2017-08-15 00:57:37.282+0000 INFO [o.n.k.i.DiagnosticsManager]  [classpath + loader.0] file:/home/invisible/Desktop/neo4j-graph-db/neo4j-community-3.2.3/lib/neo4j-configuration-3.2.3.jar
2017-08-15 00:57:37.282+0000 INFO [o.n.k.i.DiagnosticsManager]  [classpath + loader.0] file:/home/invisible/Desktop/neo4j-graph-db/neo4j-community-3.2.3/lib/scala-reflect-2.11.8.jar
2017-08-15 00:57:37.282+0000 INFO [o.n.k.i.DiagnosticsManager]  [classpath + loader.0] file:/home/invisible/Desktop/neo4j-graph-db/neo4j-community-3.2.3/lib/neo4j-cypher-frontend-3.1-3.1.5.jar
2017-08-15 00:57:37.282+0000 INFO [o.n.k.i.DiagnosticsManager]  [classpath + loader.0] file:/home/invisible/Desktop/neo4j-graph-db/neo4j-community-3.2.3/lib/commons-lang3-3.3.2.jar
2017-08-15 00:57:37.282+0000 INFO [o.n.k.i.DiagnosticsManager]  [classpath + loader.0] file:/home/invisible/Desktop/neo4j-graph-db/neo4j-community-3.2.3/lib/neo4j-lucene-index-3.2.3.jar
2017-08-15 00:57:37.282+0000 INFO [o.n.k.i.DiagnosticsManager]  [classpath + loader.0] file:/home/invisible/Desktop/neo4j-graph-db/neo4j-community-3.2.3/lib/jersey-server-1.19.jar
2017-08-15 00:57:37.282+0000 INFO [o.n.k.i.DiagnosticsManager]  [classpath + loader.0] file:/home/invisible/Desktop/neo4j-graph-db/neo4j-community-3.2.3/lib/jetty-server-9.2.9.v20150224.jar
2017-08-15 00:57:37.283+0000 INFO [o.n.k.i.DiagnosticsManager]  [classpath + loader.0] file:/home/invisible/Desktop/neo4j-graph-db/neo4j-community-3.2.3/lib/jersey-core-1.19.jar
2017-08-15 00:57:37.283+0000 INFO [o.n.k.i.DiagnosticsManager]  [loader.1] file:/usr/lib/jvm/java-8-oracle/jre/lib/ext/jfxrt.jar
2017-08-15 00:57:37.283+0000 INFO [o.n.k.i.DiagnosticsManager]  [bootstrap] /usr/lib/jvm/java-8-oracle/jre/lib/jce.jar
2017-08-15 00:57:37.283+0000 INFO [o.n.k.i.DiagnosticsManager]  [classpath + loader.0] file:/home/invisible/Desktop/neo4j-graph-db/neo4j-community-3.2.3/lib/scala-library-2.11.8.jar
2017-08-15 00:57:37.283+0000 INFO [o.n.k.i.DiagnosticsManager]  [classpath + loader.0] file:/home/invisible/Desktop/neo4j-graph-db/neo4j-community-3.2.3/lib/neo4j-resource-3.2.3.jar
2017-08-15 00:57:37.283+0000 INFO [o.n.k.i.DiagnosticsManager]  [classpath + loader.0] file:/home/invisible/Desktop/neo4j-graph-db/neo4j-community-3.2.3/lib/neo4j-index-3.2.3.jar
2017-08-15 00:57:37.283+0000 INFO [o.n.k.i.DiagnosticsManager]  [classpath + loader.0] file:/home/invisible/Desktop/neo4j-graph-db/neo4j-community-3.2.3/lib/neo4j-server-3.2.3.jar
2017-08-15 00:57:37.283+0000 INFO [o.n.k.i.DiagnosticsManager]  [loader.1] file:/usr/lib/jvm/java-8-oracle/jre/lib/ext/jaccess.jar
2017-08-15 00:57:37.283+0000 INFO [o.n.k.i.DiagnosticsManager]  [classpath + loader.0] file:/home/invisible/Desktop/neo4j-graph-db/neo4j-community-3.2.3/lib/parboiled-core-1.1.7.jar
2017-08-15 00:57:37.283+0000 INFO [o.n.k.i.DiagnosticsManager]  [classpath + loader.0] file:/home/invisible/Desktop/neo4j-graph-db/neo4j-community-3.2.3/lib/commons-io-2.4.jar
2017-08-15 00:57:37.283+0000 INFO [o.n.k.i.DiagnosticsManager]  [classpath + loader.0] file:/home/invisible/Desktop/neo4j-graph-db/neo4j-community-3.2.3/lib/jetty-xml-9.2.9.v20150224.jar
2017-08-15 00:57:37.283+0000 INFO [o.n.k.i.DiagnosticsManager]  [classpath + loader.0] file:/home/invisible/Desktop/neo4j-graph-db/neo4j-community-3.2.3/lib/lucene-codecs-5.5.0.jar
2017-08-15 00:57:37.283+0000 INFO [o.n.k.i.DiagnosticsManager]  [loader.1] file:/usr/lib/jvm/java-8-oracle/jre/lib/ext/sunpkcs11.jar
2017-08-15 00:57:37.284+0000 INFO [o.n.k.i.DiagnosticsManager]  [classpath + loader.0] file:/home/invisible/Desktop/neo4j-graph-db/neo4j-community-3.2.3/lib/rhino-1.7R4.jar
2017-08-15 00:57:37.284+0000 INFO [o.n.k.i.DiagnosticsManager]  [classpath + loader.0] file:/home/invisible/Desktop/neo4j-graph-db/neo4j-community-3.2.3/lib/neo4j-udc-3.2.3.jar
2017-08-15 00:57:37.284+0000 INFO [o.n.k.i.DiagnosticsManager]  [classpath + loader.0] file:/home/invisible/Desktop/neo4j-graph-db/neo4j-community-3.2.3/lib/jackson-mapper-asl-1.9.13.jar
2017-08-15 00:57:37.284+0000 INFO [o.n.k.i.DiagnosticsManager]  [classpath + loader.0] file:/home/invisible/Desktop/neo4j-graph-db/neo4j-community-3.2.3/lib/jetty-webapp-9.2.9.v20150224.jar
2017-08-15 00:57:37.284+0000 INFO [o.n.k.i.DiagnosticsManager]  [classpath + loader.0] file:/home/invisible/Desktop/neo4j-graph-db/neo4j-community-3.2.3/lib/neo4j-consistency-check-3.2.3.jar
2017-08-15 00:57:37.284+0000 INFO [o.n.k.i.DiagnosticsManager]  [classpath + loader.0] file:/home/invisible/Desktop/neo4j-graph-db/neo4j-community-3.2.3/lib/neo4j-cypher-compiler-3.1-3.1.5.jar
2017-08-15 00:57:37.284+0000 INFO [o.n.k.i.DiagnosticsManager]  [bootstrap] /usr/lib/jvm/java-8-oracle/jre/lib/rt.jar
2017-08-15 00:57:37.284+0000 INFO [o.n.k.i.DiagnosticsManager]  [classpath + loader.0] file:/home/invisible/Desktop/neo4j-graph-db/neo4j-community-3.2.3/lib/neo4j-lucene-upgrade-3.2.3.jar
2017-08-15 00:57:37.284+0000 INFO [o.n.k.i.DiagnosticsManager]  [classpath + loader.0] file:/home/invisible/Desktop/neo4j-graph-db/neo4j-community-3.2.3/lib/neo4j-graph-algo-3.2.3.jar
2017-08-15 00:57:37.284+0000 INFO [o.n.k.i.DiagnosticsManager]  [classpath + loader.0] file:/home/invisible/Desktop/neo4j-graph-db/neo4j-community-3.2.3/lib/neo4j-dbms-3.2.3.jar
2017-08-15 00:57:37.284+0000 INFO [o.n.k.i.DiagnosticsManager]  [classpath + loader.0] file:/home/invisible/Desktop/neo4j-graph-db/neo4j-community-3.2.3/lib/parboiled-scala_2.11-1.1.7.jar
2017-08-15 00:57:37.285+0000 INFO [o.n.k.i.DiagnosticsManager]  [classpath + loader.0] file:/home/invisible/Desktop/neo4j-graph-db/neo4j-community-3.2.3/lib/bcprov-jdk15on-1.53.jar
2017-08-15 00:57:37.285+0000 INFO [o.n.k.i.DiagnosticsManager]  [classpath + loader.0] file:/home/invisible/Desktop/neo4j-graph-db/neo4j-community-3.2.3/lib/neo4j-logging-3.2.3.jar
2017-08-15 00:57:37.285+0000 INFO [o.n.k.i.DiagnosticsManager]  [classpath + loader.0] file:/home/invisible/Desktop/neo4j-graph-db/neo4j-community-3.2.3/lib/neo4j-csv-3.2.3.jar
2017-08-15 00:57:37.285+0000 INFO [o.n.k.i.DiagnosticsManager]  [classpath + loader.0] file:/home/invisible/Desktop/neo4j-graph-db/neo4j-community-3.2.3/lib/commons-compress-1.12.jar
2017-08-15 00:57:37.285+0000 INFO [o.n.k.i.DiagnosticsManager]  [classpath + loader.0] file:/home/invisible/Desktop/neo4j-graph-db/neo4j-community-3.2.3/lib/neo4j-cypher-compiler-2.3-2.3.11.jar
2017-08-15 00:57:37.285+0000 INFO [o.n.k.i.DiagnosticsManager]  [classpath + loader.0] file:/home/invisible/Desktop/neo4j-graph-db/neo4j-community-3.2.3/lib/netty-all-4.1.8.Final.jar
2017-08-15 00:57:37.285+0000 INFO [o.n.k.i.DiagnosticsManager]  [bootstrap] /usr/lib/jvm/java-8-oracle/jre/lib/charsets.jar
2017-08-15 00:57:37.285+0000 INFO [o.n.k.i.DiagnosticsManager]  [classpath + loader.0] file:/home/invisible/Desktop/neo4j-graph-db/neo4j-community-3.2.3/lib/commons-lang-2.6.jar
2017-08-15 00:57:37.285+0000 INFO [o.n.k.i.DiagnosticsManager]  [classpath + loader.0] file:/home/invisible/Desktop/neo4j-graph-db/neo4j-community-3.2.3/plugins/*
2017-08-15 00:57:37.285+0000 INFO [o.n.k.i.DiagnosticsManager]  [classpath + loader.0] file:/home/invisible/Desktop/neo4j-graph-db/neo4j-community-3.2.3/conf/
2017-08-15 00:57:37.285+0000 INFO [o.n.k.i.DiagnosticsManager]  [classpath + loader.0] file:/home/invisible/Desktop/neo4j-graph-db/neo4j-community-3.2.3/lib/concurrentlinkedhashmap-lru-1.4.2.jar
2017-08-15 00:57:37.286+0000 INFO [o.n.k.i.DiagnosticsManager]  [classpath + loader.0] file:/home/invisible/Desktop/neo4j-graph-db/neo4j-community-3.2.3/lib/jackson-jaxrs-1.9.13.jar
2017-08-15 00:57:37.286+0000 INFO [o.n.k.i.DiagnosticsManager]  [classpath + loader.0] file:/home/invisible/Desktop/neo4j-graph-db/neo4j-community-3.2.3/lib/bcpkix-jdk15on-1.53.jar
2017-08-15 00:57:37.286+0000 INFO [o.n.k.i.DiagnosticsManager]  [bootstrap] /usr/lib/jvm/java-8-oracle/jre/classes
2017-08-15 00:57:37.286+0000 INFO [o.n.k.i.DiagnosticsManager]  [classpath + loader.0] file:/home/invisible/Desktop/neo4j-graph-db/neo4j-community-3.2.3/lib/neo4j-browser-3.0.5.jar
2017-08-15 00:57:37.286+0000 INFO [o.n.k.i.DiagnosticsManager]  [classpath + loader.0] file:/home/invisible/Desktop/neo4j-graph-db/neo4j-community-3.2.3/lib/javax.servlet-api-3.1.0.jar
2017-08-15 00:57:37.286+0000 INFO [o.n.k.i.DiagnosticsManager]  [classpath + loader.0] file:/home/invisible/Desktop/neo4j-graph-db/neo4j-community-3.2.3/lib/neo4j-cypher-frontend-2.3-2.3.11.jar
2017-08-15 00:57:37.286+0000 INFO [o.n.k.i.DiagnosticsManager]  [classpath + loader.0] file:/home/invisible/Desktop/neo4j-graph-db/neo4j-community-3.2.3/lib/neo4j-cypher-3.2.3.jar
2017-08-15 00:57:37.286+0000 INFO [o.n.k.i.DiagnosticsManager]  [classpath + loader.0] file:/home/invisible/Desktop/neo4j-graph-db/neo4j-community-3.2.3/lib/neo4j-codegen-3.2.3.jar
2017-08-15 00:57:37.286+0000 INFO [o.n.k.i.DiagnosticsManager]  [classpath + loader.0] file:/home/invisible/Desktop/neo4j-graph-db/neo4j-community-3.2.3/lib/jackson-core-asl-1.9.13.jar
2017-08-15 00:57:37.286+0000 INFO [o.n.k.i.DiagnosticsManager]  [loader.1] file:/usr/lib/jvm/java-8-oracle/jre/lib/ext/nashorn.jar
2017-08-15 00:57:37.286+0000 INFO [o.n.k.i.DiagnosticsManager]  [classpath + loader.0] file:/home/invisible/Desktop/neo4j-graph-db/neo4j-community-3.2.3/lib/jetty-http-9.2.9.v20150224.jar
2017-08-15 00:57:37.287+0000 INFO [o.n.k.i.DiagnosticsManager]  [classpath + loader.0] file:/home/invisible/Desktop/neo4j-graph-db/neo4j-community-3.2.3/lib/commons-logging-1.1.1.jar
2017-08-15 00:57:37.287+0000 INFO [o.n.k.i.DiagnosticsManager]  [bootstrap] /usr/lib/jvm/java-8-oracle/jre/lib/sunrsasign.jar
2017-08-15 00:57:37.287+0000 INFO [o.n.k.i.DiagnosticsManager]  [classpath + loader.0] file:/home/invisible/Desktop/neo4j-graph-db/neo4j-community-3.2.3/lib/jetty-io-9.2.9.v20150224.jar
2017-08-15 00:57:37.287+0000 INFO [o.n.k.i.DiagnosticsManager]  [bootstrap] /usr/lib/jvm/java-8-oracle/jre/lib/resources.jar
2017-08-15 00:57:37.287+0000 INFO [o.n.k.i.DiagnosticsManager]  [classpath + loader.0] file:/home/invisible/Desktop/neo4j-graph-db/neo4j-community-3.2.3/lib/neo4j-ssl-3.2.3.jar
2017-08-15 00:57:37.287+0000 INFO [o.n.k.i.DiagnosticsManager]  [loader.1] file:/usr/lib/jvm/java-8-oracle/jre/lib/ext/localedata.jar
2017-08-15 00:57:37.287+0000 INFO [o.n.k.i.DiagnosticsManager]  [classpath + loader.0] file:/home/invisible/Desktop/neo4j-graph-db/neo4j-community-3.2.3/plugins/
2017-08-15 00:57:37.287+0000 INFO [o.n.k.i.DiagnosticsManager]  [classpath + loader.0] file:/home/invisible/Desktop/neo4j-graph-db/neo4j-community-3.2.3/lib/neo4j-command-line-3.2.3.jar
2017-08-15 00:57:37.287+0000 INFO [o.n.k.i.DiagnosticsManager]  [classpath + loader.0] file:/home/invisible/Desktop/neo4j-graph-db/neo4j-community-3.2.3/lib/mimepull-1.9.3.jar
2017-08-15 00:57:37.287+0000 INFO [o.n.k.i.DiagnosticsManager]  [classpath + loader.0] file:/home/invisible/Desktop/neo4j-graph-db/neo4j-community-3.2.3/lib/neo4j-cypher-compiler-3.2-3.2.3.jar
2017-08-15 00:57:37.287+0000 INFO [o.n.k.i.DiagnosticsManager] Library path:
2017-08-15 00:57:37.287+0000 INFO [o.n.k.i.DiagnosticsManager] /usr/java/packages/lib/amd64
2017-08-15 00:57:37.288+0000 INFO [o.n.k.i.DiagnosticsManager] /usr/lib64
2017-08-15 00:57:37.288+0000 INFO [o.n.k.i.DiagnosticsManager] /lib64
2017-08-15 00:57:37.288+0000 INFO [o.n.k.i.DiagnosticsManager] /lib
2017-08-15 00:57:37.288+0000 INFO [o.n.k.i.DiagnosticsManager] /usr/lib
2017-08-15 00:57:37.288+0000 INFO [o.n.k.i.DiagnosticsManager] System.properties:
2017-08-15 00:57:37.288+0000 INFO [o.n.k.i.DiagnosticsManager] sun.boot.library.path = /usr/lib/jvm/java-8-oracle/jre/lib/amd64
2017-08-15 00:57:37.288+0000 INFO [o.n.k.i.DiagnosticsManager] path.separator = :
2017-08-15 00:57:37.288+0000 INFO [o.n.k.i.DiagnosticsManager] file.encoding.pkg = sun.io
2017-08-15 00:57:37.288+0000 INFO [o.n.k.i.DiagnosticsManager] user.country = US
2017-08-15 00:57:37.289+0000 INFO [o.n.k.i.DiagnosticsManager] sun.java.launcher = SUN_STANDARD
2017-08-15 00:57:37.289+0000 INFO [o.n.k.i.DiagnosticsManager] sun.os.patch.level = unknown
2017-08-15 00:57:37.289+0000 INFO [o.n.k.i.DiagnosticsManager] user.dir = /home/invisible/Desktop/neo4j-graph-db/neo4j-community-3.2.3
2017-08-15 00:57:37.289+0000 INFO [o.n.k.i.DiagnosticsManager] sun.jnu.encoding = UTF-8
2017-08-15 00:57:37.289+0000 INFO [o.n.k.i.DiagnosticsManager] unsupported.dbms.udc.source = tarball
2017-08-15 00:57:37.289+0000 INFO [o.n.k.i.DiagnosticsManager] sun.management.compiler = HotSpot 64-Bit Tiered Compilers
2017-08-15 00:57:37.289+0000 INFO [o.n.k.i.DiagnosticsManager] user.home = /home/invisible
2017-08-15 00:57:37.289+0000 INFO [o.n.k.i.DiagnosticsManager] user.timezone = America/Chicago
2017-08-15 00:57:37.289+0000 INFO [o.n.k.i.DiagnosticsManager] file.encoding = UTF-8
2017-08-15 00:57:37.289+0000 INFO [o.n.k.i.DiagnosticsManager] user.name = invisible
2017-08-15 00:57:37.289+0000 INFO [o.n.k.i.DiagnosticsManager] sun.java.command = org.neo4j.server.CommunityEntryPoint --home-dir=/home/invisible/Desktop/neo4j-graph-db/neo4j-community-3.2.3 --config-dir=/home/invisible/Desktop/neo4j-graph-db/neo4j-community-3.2.3/conf
2017-08-15 00:57:37.289+0000 INFO [o.n.k.i.DiagnosticsManager] sun.arch.data.model = 64
2017-08-15 00:57:37.289+0000 INFO [o.n.k.i.DiagnosticsManager] user.language = en
2017-08-15 00:57:37.289+0000 INFO [o.n.k.i.DiagnosticsManager] awt.toolkit = sun.awt.X11.XToolkit
2017-08-15 00:57:37.290+0000 INFO [o.n.k.i.DiagnosticsManager] jdk.tls.ephemeralDHKeySize = 2048
2017-08-15 00:57:37.290+0000 INFO [o.n.k.i.DiagnosticsManager] file.separator = /
2017-08-15 00:57:37.290+0000 INFO [o.n.k.i.DiagnosticsManager] sun.io.unicode.encoding = UnicodeLittle
2017-08-15 00:57:37.290+0000 INFO [o.n.k.i.DiagnosticsManager] sun.cpu.endian = little
2017-08-15 00:57:37.290+0000 INFO [o.n.k.i.DiagnosticsManager] sun.desktop = gnome
2017-08-15 00:57:37.290+0000 INFO [o.n.k.i.DiagnosticsManager] sun.cpu.isalist = 
2017-08-15 00:57:37.290+0000 INFO [o.n.k.i.DiagnosticsManager] Linux scheduler information:
2017-08-15 00:57:37.295+0000 INFO [o.n.k.i.DiagnosticsManager] noop [deadline] cfq 
2017-08-15 00:57:37.296+0000 INFO [o.n.k.i.DiagnosticsManager] noop [deadline] cfq 
2017-08-15 00:57:37.296+0000 INFO [o.n.k.i.DiagnosticsManager] noop [deadline] cfq 
2017-08-15 00:57:37.296+0000 INFO [o.n.k.i.DiagnosticsManager] noop [deadline] cfq 
2017-08-15 00:57:37.297+0000 INFO [o.n.k.i.DiagnosticsManager] none
2017-08-15 00:57:37.297+0000 INFO [o.n.k.i.DiagnosticsManager] none
2017-08-15 00:57:37.297+0000 INFO [o.n.k.i.DiagnosticsManager] none
2017-08-15 00:57:37.297+0000 INFO [o.n.k.i.DiagnosticsManager] none
2017-08-15 00:57:37.298+0000 INFO [o.n.k.i.DiagnosticsManager] none
2017-08-15 00:57:37.298+0000 INFO [o.n.k.i.DiagnosticsManager] none
2017-08-15 00:57:37.298+0000 INFO [o.n.k.i.DiagnosticsManager] none
2017-08-15 00:57:37.299+0000 INFO [o.n.k.i.DiagnosticsManager] none
2017-08-15 00:57:37.299+0000 INFO [o.n.k.i.DiagnosticsManager] none
2017-08-15 00:57:37.299+0000 INFO [o.n.k.i.DiagnosticsManager] none
2017-08-15 00:57:37.299+0000 INFO [o.n.k.i.DiagnosticsManager] Network information:
2017-08-15 00:57:37.300+0000 INFO [o.n.k.i.DiagnosticsManager] Interface eth0:
2017-08-15 00:57:37.300+0000 INFO [o.n.k.i.DiagnosticsManager]     address: fe80:0:0:0:1af9:baa6:5c89:3899%eth0
2017-08-15 00:57:37.300+0000 INFO [o.n.k.i.DiagnosticsManager]     address: 192.168.1.131
2017-08-15 00:57:37.300+0000 INFO [o.n.k.i.DiagnosticsManager] Interface lo:
2017-08-15 00:57:37.300+0000 INFO [o.n.k.i.DiagnosticsManager]     address: 0:0:0:0:0:0:0:1%lo
2017-08-15 00:57:37.300+0000 INFO [o.n.k.i.DiagnosticsManager]     address: 127.0.0.1
2017-08-15 00:57:37.300+0000 INFO [o.n.k.i.DiagnosticsManager] --- INITIALIZED diagnostics END ---
2017-08-15 00:57:37.536+0000 INFO [o.n.b.v.r.WorkerFactory] Bolt Server extension loaded.
2017-08-15 00:57:37.537+0000 INFO [o.n.b.v.r.WorkerFactory] Bolt enabled on 127.0.0.1:7687.
2017-08-15 00:57:37.656+0000 INFO [o.n.k.i.s.f.RecordFormatSelector] Selected RecordFormat:StandardV3_2[v0.A.8] record format from store /home/invisible/Desktop/neo4j-graph-db/neo4j-community-3.2.3/data/databases/graph.db
2017-08-15 00:57:37.690+0000 INFO [o.n.k.i.s.f.RecordFormatSelector] Selected RecordFormat:StandardV3_2[v0.A.8] record format from store /home/invisible/Desktop/neo4j-graph-db/neo4j-community-3.2.3/data/databases/graph.db
2017-08-15 00:57:37.690+0000 INFO [o.n.k.i.s.f.RecordFormatSelector] Format not configured. Selected format from the store: RecordFormat:StandardV3_2[v0.A.8]
2017-08-15 00:57:37.912+0000 INFO [o.n.k.i.a.i.IndexingService] IndexingService.init: indexes not specifically mentioned above are null
2017-08-15 00:57:37.939+0000 INFO [o.n.k.NeoStoreDataSource] No commits found after last check point (which is at LogPosition{logVersion=0, byteOffset=16})
2017-08-15 00:57:37.942+0000 INFO [o.n.k.i.a.i.IndexingService] IndexingService.start: indexes not specifically mentioned above are null
2017-08-15 00:57:37.945+0000 INFO [o.n.k.i.DatabaseHealth] Database health set to OK
2017-08-15 00:57:38.417+0000 INFO [o.n.k.AvailabilityGuard] Fulfilling of requirement makes database available: Database available
2017-08-15 00:57:38.417+0000 INFO [o.n.k.i.f.GraphDatabaseFacadeFactory] Database is now ready
2017-08-15 00:57:38.418+0000 INFO [o.n.k.i.DiagnosticsManager] --- STARTED diagnostics for KernelDiagnostics:Versions START ---
2017-08-15 00:57:38.419+0000 INFO [o.n.k.i.DiagnosticsManager] Graph Database: community single StoreId{creationTime=1502653382825, randomId=-29139776045704803, storeVersion=15813456178476550, upgradeTime=1502653382825, upgradeId=1}
2017-08-15 00:57:38.419+0000 INFO [o.n.k.i.DiagnosticsManager] Kernel version: 3.2.3,36205d3138eff7e252a34c1a0224f84ad8747758
2017-08-15 00:57:38.419+0000 INFO [o.n.k.i.DiagnosticsManager] --- STARTED diagnostics for KernelDiagnostics:Versions END ---
2017-08-15 00:57:38.421+0000 INFO [o.n.k.i.DiagnosticsManager] --- STARTED diagnostics for NEO_STORE_VERSIONS START ---
2017-08-15 00:57:38.421+0000 INFO [o.n.k.i.DiagnosticsManager] Store versions:
2017-08-15 00:57:38.421+0000 INFO [o.n.k.i.DiagnosticsManager] Store versions:
2017-08-15 00:57:38.421+0000 INFO [o.n.k.i.DiagnosticsManager]   ArrayPropertyStore v0.A.8
2017-08-15 00:57:38.421+0000 INFO [o.n.k.i.DiagnosticsManager]   NodeStore v0.A.8
2017-08-15 00:57:38.421+0000 INFO [o.n.k.i.DiagnosticsManager]   StringPropertyStore v0.A.8
2017-08-15 00:57:38.421+0000 INFO [o.n.k.i.DiagnosticsManager]   PropertyIndexStore v0.A.8
2017-08-15 00:57:38.422+0000 INFO [o.n.k.i.DiagnosticsManager]   StringPropertyStore v0.A.8
2017-08-15 00:57:38.422+0000 INFO [o.n.k.i.DiagnosticsManager]   ArrayPropertyStore v0.A.8
2017-08-15 00:57:38.422+0000 INFO [o.n.k.i.DiagnosticsManager]   PropertyStore v0.A.8
2017-08-15 00:57:38.422+0000 INFO [o.n.k.i.DiagnosticsManager]   RelationshipStore v0.A.8
2017-08-15 00:57:38.422+0000 INFO [o.n.k.i.DiagnosticsManager]   StringPropertyStore v0.A.8
2017-08-15 00:57:38.422+0000 INFO [o.n.k.i.DiagnosticsManager]   RelationshipTypeStore v0.A.8
2017-08-15 00:57:38.422+0000 INFO [o.n.k.i.DiagnosticsManager]   StringPropertyStore v0.A.8
2017-08-15 00:57:38.422+0000 INFO [o.n.k.i.DiagnosticsManager]   LabelTokenStore v0.A.8
2017-08-15 00:57:38.422+0000 INFO [o.n.k.i.DiagnosticsManager]   SchemaStore v0.A.8
2017-08-15 00:57:38.422+0000 INFO [o.n.k.i.DiagnosticsManager]   RelationshipGroupStore v0.A.8
2017-08-15 00:57:38.423+0000 INFO [o.n.k.i.DiagnosticsManager]   NeoStore v0.A.8
2017-08-15 00:57:38.423+0000 INFO [o.n.k.i.DiagnosticsManager] --- STARTED diagnostics for NEO_STORE_VERSIONS END ---
2017-08-15 00:57:38.423+0000 INFO [o.n.k.i.DiagnosticsManager] --- STARTED diagnostics for NEO_STORE_ID_USAGE START ---
2017-08-15 00:57:38.423+0000 INFO [o.n.k.i.DiagnosticsManager] Id usage:
2017-08-15 00:57:38.423+0000 INFO [o.n.k.i.DiagnosticsManager] Id usage:
2017-08-15 00:57:38.423+0000 INFO [o.n.k.i.DiagnosticsManager]   ArrayPropertyStore: used=1 high=0
2017-08-15 00:57:38.423+0000 INFO [o.n.k.i.DiagnosticsManager]   NodeStore: used=0 high=-1
2017-08-15 00:57:38.424+0000 INFO [o.n.k.i.DiagnosticsManager]   StringPropertyStore: used=1 high=0
2017-08-15 00:57:38.424+0000 INFO [o.n.k.i.DiagnosticsManager]   PropertyIndexStore: used=0 high=-1
2017-08-15 00:57:38.424+0000 INFO [o.n.k.i.DiagnosticsManager]   StringPropertyStore: used=1 high=0
2017-08-15 00:57:38.424+0000 INFO [o.n.k.i.DiagnosticsManager]   ArrayPropertyStore: used=1 high=0
2017-08-15 00:57:38.424+0000 INFO [o.n.k.i.DiagnosticsManager]   PropertyStore: used=0 high=-1
2017-08-15 00:57:38.424+0000 INFO [o.n.k.i.DiagnosticsManager]   RelationshipStore: used=0 high=-1
2017-08-15 00:57:38.424+0000 INFO [o.n.k.i.DiagnosticsManager]   StringPropertyStore: used=1 high=0
2017-08-15 00:57:38.425+0000 INFO [o.n.k.i.DiagnosticsManager]   RelationshipTypeStore: used=0 high=-1
2017-08-15 00:57:38.425+0000 INFO [o.n.k.i.DiagnosticsManager]   StringPropertyStore: used=1 high=0
2017-08-15 00:57:38.425+0000 INFO [o.n.k.i.DiagnosticsManager]   LabelTokenStore: used=0 high=-1
2017-08-15 00:57:38.425+0000 INFO [o.n.k.i.DiagnosticsManager]   SchemaStore: used=1 high=0
2017-08-15 00:57:38.425+0000 INFO [o.n.k.i.DiagnosticsManager]   RelationshipGroupStore: used=1 high=0
2017-08-15 00:57:38.425+0000 INFO [o.n.k.i.DiagnosticsManager]   NeoStore: used=15 high=14
2017-08-15 00:57:38.425+0000 INFO [o.n.k.i.DiagnosticsManager] --- STARTED diagnostics for NEO_STORE_ID_USAGE END ---
2017-08-15 00:57:38.425+0000 INFO [o.n.k.i.DiagnosticsManager] --- STARTED diagnostics for NEO_STORE_RECORDS START ---
2017-08-15 00:57:38.426+0000 INFO [o.n.k.i.DiagnosticsManager] Neostore records:
2017-08-15 00:57:38.426+0000 INFO [o.n.k.i.DiagnosticsManager] TIME (Creation time): 1502653382825
2017-08-15 00:57:38.426+0000 INFO [o.n.k.i.DiagnosticsManager] RANDOM_NUMBER (Random number for store id): -29139776045704803
2017-08-15 00:57:38.427+0000 INFO [o.n.k.i.DiagnosticsManager] LOG_VERSION (Current log version): 0
2017-08-15 00:57:38.427+0000 INFO [o.n.k.i.DiagnosticsManager] LAST_TRANSACTION_ID (Last committed transaction): 1
2017-08-15 00:57:38.427+0000 INFO [o.n.k.i.DiagnosticsManager] STORE_VERSION (Store format version): 15813456178476550
2017-08-15 00:57:38.427+0000 INFO [o.n.k.i.DiagnosticsManager] FIRST_GRAPH_PROPERTY (First property record containing graph properties): -1
2017-08-15 00:57:38.427+0000 INFO [o.n.k.i.DiagnosticsManager] LAST_CONSTRAINT_TRANSACTION (Last committed transaction containing constraint changes): 0
2017-08-15 00:57:38.427+0000 INFO [o.n.k.i.DiagnosticsManager] UPGRADE_TRANSACTION_ID (Transaction id most recent upgrade was performed at): 1
2017-08-15 00:57:38.427+0000 INFO [o.n.k.i.DiagnosticsManager] UPGRADE_TIME (Time of last upgrade): 1502653382825
2017-08-15 00:57:38.427+0000 INFO [o.n.k.i.DiagnosticsManager] LAST_TRANSACTION_CHECKSUM (Checksum of last committed transaction): 0
2017-08-15 00:57:38.428+0000 INFO [o.n.k.i.DiagnosticsManager] UPGRADE_TRANSACTION_CHECKSUM (Checksum of transaction id the most recent upgrade was performed at): 0
2017-08-15 00:57:38.428+0000 INFO [o.n.k.i.DiagnosticsManager] LAST_CLOSED_TRANSACTION_LOG_VERSION (Log version where the last transaction commit entry has been written into): 0
2017-08-15 00:57:38.428+0000 INFO [o.n.k.i.DiagnosticsManager] LAST_CLOSED_TRANSACTION_LOG_BYTE_OFFSET (Byte offset in the log file where the last transaction commit entry has been written into): 16
2017-08-15 00:57:38.428+0000 INFO [o.n.k.i.DiagnosticsManager] LAST_TRANSACTION_COMMIT_TIMESTAMP (Commit time timestamp for last committed transaction): 0
2017-08-15 00:57:38.428+0000 INFO [o.n.k.i.DiagnosticsManager] UPGRADE_TRANSACTION_COMMIT_TIMESTAMP (Commit timestamp of transaction the most recent upgrade was performed at): 0
2017-08-15 00:57:38.428+0000 INFO [o.n.k.i.DiagnosticsManager] --- STARTED diagnostics for NEO_STORE_RECORDS END ---
2017-08-15 00:57:38.429+0000 INFO [o.n.k.i.DiagnosticsManager] --- STARTED diagnostics for TRANSACTION_RANGE START ---
2017-08-15 00:57:38.429+0000 INFO [o.n.k.i.DiagnosticsManager] Transaction log:
2017-08-15 00:57:38.430+0000 INFO [o.n.k.i.DiagnosticsManager] Oldest transaction 2 found in log with version 0
2017-08-15 00:57:38.430+0000 INFO [o.n.k.i.DiagnosticsManager] --- STARTED diagnostics for TRANSACTION_RANGE END ---
2017-08-15 00:57:38.430+0000 INFO [o.n.k.i.DiagnosticsManager] --- STARTED diagnostics for KernelDiagnostics:StoreFiles START ---
2017-08-15 00:57:38.430+0000 INFO [o.n.k.i.DiagnosticsManager] Disk space on partition (Total / Free / Free %): 104613634048 / 66994278400 / 64
Storage files: (filename : modification date - size)
2017-08-15 00:57:38.431+0000 INFO [o.n.k.i.DiagnosticsManager]   index:
2017-08-15 00:57:38.431+0000 INFO [o.n.k.i.DiagnosticsManager]   - Total: 2017-08-13T14:43:02-0500 - 0.00 B
2017-08-15 00:57:38.431+0000 INFO [o.n.k.i.DiagnosticsManager]   neostore: 2017-08-13T14:43:02-0500 - 8.00 kB
2017-08-15 00:57:38.431+0000 INFO [o.n.k.i.DiagnosticsManager]   neostore.counts.db.a: 2017-08-13T14:43:03-0500 - 96.00 B
2017-08-15 00:57:38.431+0000 INFO [o.n.k.i.DiagnosticsManager]   neostore.id: 2017-08-14T19:57:37-0500 - 9.00 B
2017-08-15 00:57:38.432+0000 INFO [o.n.k.i.DiagnosticsManager]   neostore.labelscanstore.db: 2017-08-14T19:57:37-0500 - 40.00 kB
2017-08-15 00:57:38.432+0000 INFO [o.n.k.i.DiagnosticsManager]   neostore.labeltokenstore.db: 2017-08-13T14:43:02-0500 - 0.00 B
2017-08-15 00:57:38.432+0000 INFO [o.n.k.i.DiagnosticsManager]   neostore.labeltokenstore.db.id: 2017-08-14T19:57:37-0500 - 9.00 B
2017-08-15 00:57:38.432+0000 INFO [o.n.k.i.DiagnosticsManager]   neostore.labeltokenstore.db.names: 2017-08-13T14:43:02-0500 - 8.00 kB
2017-08-15 00:57:38.432+0000 INFO [o.n.k.i.DiagnosticsManager]   neostore.labeltokenstore.db.names.id: 2017-08-14T19:57:37-0500 - 9.00 B
2017-08-15 00:57:38.432+0000 INFO [o.n.k.i.DiagnosticsManager]   neostore.nodestore.db: 2017-08-13T14:43:02-0500 - 0.00 B
2017-08-15 00:57:38.432+0000 INFO [o.n.k.i.DiagnosticsManager]   neostore.nodestore.db.id: 2017-08-14T19:57:37-0500 - 9.00 B
2017-08-15 00:57:38.432+0000 INFO [o.n.k.i.DiagnosticsManager]   neostore.nodestore.db.labels: 2017-08-13T14:43:02-0500 - 8.00 kB
2017-08-15 00:57:38.432+0000 INFO [o.n.k.i.DiagnosticsManager]   neostore.nodestore.db.labels.id: 2017-08-14T19:57:37-0500 - 9.00 B
2017-08-15 00:57:38.433+0000 INFO [o.n.k.i.DiagnosticsManager]   neostore.propertystore.db: 2017-08-13T14:43:02-0500 - 0.00 B
2017-08-15 00:57:38.433+0000 INFO [o.n.k.i.DiagnosticsManager]   neostore.propertystore.db.arrays: 2017-08-13T14:43:02-0500 - 8.00 kB
2017-08-15 00:57:38.433+0000 INFO [o.n.k.i.DiagnosticsManager]   neostore.propertystore.db.arrays.id: 2017-08-14T19:57:37-0500 - 9.00 B
2017-08-15 00:57:38.433+0000 INFO [o.n.k.i.DiagnosticsManager]   neostore.propertystore.db.id: 2017-08-14T19:57:37-0500 - 9.00 B
2017-08-15 00:57:38.433+0000 INFO [o.n.k.i.DiagnosticsManager]   neostore.propertystore.db.index: 2017-08-13T14:43:02-0500 - 0.00 B
2017-08-15 00:57:38.433+0000 INFO [o.n.k.i.DiagnosticsManager]   neostore.propertystore.db.index.id: 2017-08-14T19:57:37-0500 - 9.00 B
2017-08-15 00:57:38.433+0000 INFO [o.n.k.i.DiagnosticsManager]   neostore.propertystore.db.index.keys: 2017-08-13T14:43:02-0500 - 8.00 kB
2017-08-15 00:57:38.433+0000 INFO [o.n.k.i.DiagnosticsManager]   neostore.propertystore.db.index.keys.id: 2017-08-14T19:57:37-0500 - 9.00 B
2017-08-15 00:57:38.433+0000 INFO [o.n.k.i.DiagnosticsManager]   neostore.propertystore.db.strings: 2017-08-13T14:43:02-0500 - 8.00 kB
2017-08-15 00:57:38.434+0000 INFO [o.n.k.i.DiagnosticsManager]   neostore.propertystore.db.strings.id: 2017-08-14T19:57:37-0500 - 9.00 B
2017-08-15 00:57:38.434+0000 INFO [o.n.k.i.DiagnosticsManager]   neostore.relationshipgroupstore.db: 2017-08-13T14:43:02-0500 - 8.00 kB
2017-08-15 00:57:38.434+0000 INFO [o.n.k.i.DiagnosticsManager]   neostore.relationshipgroupstore.db.id: 2017-08-14T19:57:37-0500 - 9.00 B
2017-08-15 00:57:38.434+0000 INFO [o.n.k.i.DiagnosticsManager]   neostore.relationshipstore.db: 2017-08-13T14:43:02-0500 - 0.00 B
2017-08-15 00:57:38.434+0000 INFO [o.n.k.i.DiagnosticsManager]   neostore.relationshipstore.db.id: 2017-08-14T19:57:37-0500 - 9.00 B
2017-08-15 00:57:38.434+0000 INFO [o.n.k.i.DiagnosticsManager]   neostore.relationshiptypestore.db: 2017-08-13T14:43:02-0500 - 0.00 B
2017-08-15 00:57:38.434+0000 INFO [o.n.k.i.DiagnosticsManager]   neostore.relationshiptypestore.db.id: 2017-08-14T19:57:37-0500 - 9.00 B
2017-08-15 00:57:38.434+0000 INFO [o.n.k.i.DiagnosticsManager]   neostore.relationshiptypestore.db.names: 2017-08-13T14:43:02-0500 - 8.00 kB
2017-08-15 00:57:38.434+0000 INFO [o.n.k.i.DiagnosticsManager]   neostore.relationshiptypestore.db.names.id: 2017-08-14T19:57:37-0500 - 9.00 B
2017-08-15 00:57:38.435+0000 INFO [o.n.k.i.DiagnosticsManager]   neostore.schemastore.db: 2017-08-13T14:43:02-0500 - 8.00 kB
2017-08-15 00:57:38.435+0000 INFO [o.n.k.i.DiagnosticsManager]   neostore.schemastore.db.id: 2017-08-14T19:57:37-0500 - 9.00 B
2017-08-15 00:57:38.435+0000 INFO [o.n.k.i.DiagnosticsManager]   neostore.transaction.db.0: 2017-08-13T23:36:36-0500 - 34.00 B
2017-08-15 00:57:38.435+0000 INFO [o.n.k.i.DiagnosticsManager]   store_lock: 2017-08-13T14:43:02-0500 - 0.00 B
2017-08-15 00:57:38.435+0000 INFO [o.n.k.i.DiagnosticsManager] --- STARTED diagnostics for KernelDiagnostics:StoreFiles END ---
2017-08-15 00:57:39.767+0000 INFO [o.n.k.i.DiagnosticsManager] --- SERVER STARTED START ---
2017-08-15 00:57:40.657+0000 INFO [o.n.k.i.DiagnosticsManager] --- SERVER STARTED END ---
2017-08-15 01:16:30.413+0000 INFO [o.n.c.i.ExecutionEngine] Discarded stale query from the query cache: MATCH (a)-[r]->(b) WHERE id(a) IN $existingNodeIds AND id(b) IN $newNodeIds RETURN r;
2017-08-15 01:16:30.416+0000 INFO [o.n.c.i.CommunityCompatibilityFactory] Discarded stale query from the query cache: MATCH (a)-[r]->(b) WHERE id(a) IN $existingNodeIds AND id(b) IN $newNodeIds RETURN r;
2017-08-15 01:16:44.751+0000 INFO [o.n.c.i.ExecutionEngine] Discarded stale query from the query cache: 
CALL db.labels() YIELD label
WITH COLLECT(label)[..1000] AS labels
RETURN 'labels' as a, labels as result
UNION
CALL db.relationshipTypes() YIELD relationshipType
WITH COLLECT(relationshipType)[..1000] AS relationshipTypes
RETURN 'relationshipTypes' as a, relationshipTypes as result
UNION
CALL db.propertyKeys() YIELD propertyKey
WITH COLLECT(propertyKey)[..1000] AS propertyKeys
RETURN 'propertyKeys' as a, propertyKeys as result
UNION
CALL dbms.functions() YIELD name, signature, description
WITH collect({name: name, signature: signature, description: description}) as functions
RETURN 'functions' as a, functions AS result
UNION
CALL dbms.procedures() YIELD name, signature, description
WITH collect({name: name, signature: signature, description: description}) as procedures
RETURN 'procedures' as a, procedures as result

2017-08-15 01:16:44.759+0000 INFO [o.n.c.i.CommunityCompatibilityFactory] Discarded stale query from the query cache: CALL db.labels() YIELD label
WITH COLLECT(label)[..1000] AS labels
RETURN 'labels' as a, labels as result
UNION
CALL db.relationshipTypes() YIELD relationshipType
WITH COLLECT(relationshipType)[..1000] AS relationshipTypes
RETURN 'relationshipTypes' as a, relationshipTypes as result
UNION
CALL db.propertyKeys() YIELD propertyKey
WITH COLLECT(propertyKey)[..1000] AS propertyKeys
RETURN 'propertyKeys' as a, propertyKeys as result
UNION
CALL dbms.functions() YIELD name, signature, description
WITH collect({name: name, signature: signature, description: description}) as functions
RETURN 'functions' as a, functions AS result
UNION
CALL dbms.procedures() YIELD name, signature, description
WITH collect({name: name, signature: signature, description: description}) as procedures
RETURN 'procedures' as a, procedures as result

2017-08-15 01:18:30.827+0000 INFO [o.n.c.i.ExecutionEngine] Discarded stale query from the query cache: EXPLAIN CREATE ()
2017-08-15 01:18:30.828+0000 INFO [o.n.c.i.CommunityCompatibilityFactory] Discarded stale query from the query cache: CREATE ()
2017-08-15 01:19:35.075+0000 INFO [o.n.c.i.ExecutionEngine] Discarded stale query from the query cache: EXPLAIN CREATE (n:Person {name : "Jack"}) RETURN n
2017-08-15 01:19:35.076+0000 INFO [o.n.c.i.CommunityCompatibilityFactory] Discarded stale query from the query cache: CREATE (n:Person {name : "Jack"}) RETURN n
2017-08-15 01:19:35.978+0000 INFO [o.n.c.i.ExecutionEngine] Discarded stale query from the query cache: EXPLAIN CREATE (n:Person {name : "Jill"}) RETURN n
2017-08-15 01:21:07.976+0000 INFO [o.n.k.i.t.l.c.CheckPointerImpl] Check Pointing triggered by scheduler for time threshold [15]:  Starting check pointing...
2017-08-15 01:21:07.977+0000 INFO [o.n.k.i.t.l.c.CheckPointerImpl] Check Pointing triggered by scheduler for time threshold [15]:  Starting store flush...
2017-08-15 01:21:07.998+0000 INFO [o.n.k.i.s.c.CountsTracker] About to rotate counts store at transaction 15 to [/home/invisible/Desktop/neo4j-graph-db/neo4j-community-3.2.3/data/databases/graph.db/neostore.counts.db.b], from [/home/invisible/Desktop/neo4j-graph-db/neo4j-community-3.2.3/data/databases/graph.db/neostore.counts.db.a].
2017-08-15 01:21:08.002+0000 INFO [o.n.k.i.s.c.CountsTracker] Successfully rotated counts store at transaction 15 to [/home/invisible/Desktop/neo4j-graph-db/neo4j-community-3.2.3/data/databases/graph.db/neostore.counts.db.b], from [/home/invisible/Desktop/neo4j-graph-db/neo4j-community-3.2.3/data/databases/graph.db/neostore.counts.db.a].
2017-08-15 01:21:08.021+0000 INFO [o.n.k.i.t.l.c.CheckPointerImpl] Check Pointing triggered by scheduler for time threshold [15]:  Store flush completed
2017-08-15 01:21:08.021+0000 INFO [o.n.k.i.t.l.c.CheckPointerImpl] Check Pointing triggered by scheduler for time threshold [15]:  Starting appending check point entry into the tx log...
2017-08-15 01:21:08.024+0000 INFO [o.n.k.i.t.l.c.CheckPointerImpl] Check Pointing triggered by scheduler for time threshold [15]:  Appending check point entry into the tx log completed
2017-08-15 01:21:08.024+0000 INFO [o.n.k.i.t.l.c.CheckPointerImpl] Check Pointing triggered by scheduler for time threshold [15]:  Check pointing completed
2017-08-15 01:21:08.024+0000 INFO [o.n.k.i.t.l.p.LogPruningImpl] Log Rotation [0]:  Starting log pruning.
2017-08-15 01:21:08.024+0000 INFO [o.n.k.i.t.l.p.LogPruningImpl] Log Rotation [0]:  Log pruning complete.
2017-08-15 01:36:08.043+0000 INFO [o.n.k.i.t.l.c.CheckPointerImpl] Check Pointing triggered by scheduler for time threshold [27]:  Starting check pointing...
2017-08-15 01:36:08.043+0000 INFO [o.n.k.i.t.l.c.CheckPointerImpl] Check Pointing triggered by scheduler for time threshold [27]:  Starting store flush...
2017-08-15 01:36:08.044+0000 INFO [o.n.k.i.s.c.CountsTracker] About to rotate counts store at transaction 27 to [/home/invisible/Desktop/neo4j-graph-db/neo4j-community-3.2.3/data/databases/graph.db/neostore.counts.db.a], from [/home/invisible/Desktop/neo4j-graph-db/neo4j-community-3.2.3/data/databases/graph.db/neostore.counts.db.b].
2017-08-15 01:36:08.047+0000 INFO [o.n.k.i.s.c.CountsTracker] Successfully rotated counts store at transaction 27 to [/home/invisible/Desktop/neo4j-graph-db/neo4j-community-3.2.3/data/databases/graph.db/neostore.counts.db.a], from [/home/invisible/Desktop/neo4j-graph-db/neo4j-community-3.2.3/data/databases/graph.db/neostore.counts.db.b].
2017-08-15 01:36:08.071+0000 INFO [o.n.k.i.t.l.c.CheckPointerImpl] Check Pointing triggered by scheduler for time threshold [27]:  Store flush completed
2017-08-15 01:36:08.071+0000 INFO [o.n.k.i.t.l.c.CheckPointerImpl] Check Pointing triggered by scheduler for time threshold [27]:  Starting appending check point entry into the tx log...
2017-08-15 01:36:08.073+0000 INFO [o.n.k.i.t.l.c.CheckPointerImpl] Check Pointing triggered by scheduler for time threshold [27]:  Appending check point entry into the tx log completed
2017-08-15 01:36:08.073+0000 INFO [o.n.k.i.t.l.c.CheckPointerImpl] Check Pointing triggered by scheduler for time threshold [27]:  Check pointing completed
2017-08-15 01:36:08.073+0000 INFO [o.n.k.i.t.l.p.LogPruningImpl] Log Rotation [0]:  Starting log pruning.
2017-08-15 01:36:08.073+0000 INFO [o.n.k.i.t.l.p.LogPruningImpl] Log Rotation [0]:  Log pruning complete.
